{"D:\\GrowDev\\Atividades Avaliativas\\Atividade 6 - Sistema Notas + Testes\\sistema-de-notas\\src\\core\\index.ts": {"path":"D:\\GrowDev\\Atividades Avaliativas\\Atividade 6 - Sistema Notas + Testes\\sistema-de-notas\\src\\core\\index.ts","statementMap":{"0":{"start":{"line":1,"column":0},"end":{"line":1,"column":24}},"1":{"start":{"line":2,"column":0},"end":{"line":2,"column":25}},"2":{"start":{"line":3,"column":0},"end":{"line":3,"column":25}},"3":{"start":{"line":4,"column":0},"end":{"line":4,"column":26}},"4":{"start":{"line":5,"column":0},"end":{"line":5,"column":27}},"5":{"start":{"line":6,"column":0},"end":{"line":6,"column":28}}},"fnMap":{},"branchMap":{},"s":{"0":3,"1":3,"2":3,"3":3,"4":3,"5":3},"f":{},"b":{}}
,"D:\\GrowDev\\Atividades Avaliativas\\Atividade 6 - Sistema Notas + Testes\\sistema-de-notas\\src\\core\\adapters\\express-middleware.adapter.ts": {"path":"D:\\GrowDev\\Atividades Avaliativas\\Atividade 6 - Sistema Notas + Testes\\sistema-de-notas\\src\\core\\adapters\\express-middleware.adapter.ts","statementMap":{"0":{"start":{"line":4,"column":33},"end":{"line":25,"column":1}},"1":{"start":{"line":5,"column":4},"end":{"line":24,"column":6}},"2":{"start":{"line":6,"column":50},"end":{"line":10,"column":10}},"3":{"start":{"line":12,"column":43},"end":{"line":13,"column":null}},"4":{"start":{"line":16,"column":8},"end":{"line":23,"column":null}},"5":{"start":{"line":17,"column":12},"end":{"line":17,"column":54}},"6":{"start":{"line":18,"column":12},"end":{"line":18,"column":19}},"7":{"start":{"line":20,"column":12},"end":{"line":22,"column":60}},"8":{"start":{"line":4,"column":13},"end":{"line":4,"column":33}}},"fnMap":{"0":{"name":"(anonymous_0)","decl":{"start":{"line":4,"column":33},"end":{"line":4,"column":34}},"loc":{"start":{"line":4,"column":53},"end":{"line":25,"column":1}}},"1":{"name":"(anonymous_1)","decl":{"start":{"line":5,"column":11},"end":{"line":5,"column":16}},"loc":{"start":{"line":5,"column":78},"end":{"line":24,"column":5}}}},"branchMap":{"0":{"loc":{"start":{"line":16,"column":8},"end":{"line":23,"column":null}},"type":"if","locations":[{"start":{"line":16,"column":8},"end":{"line":23,"column":null}},{"start":{"line":16,"column":8},"end":{"line":23,"column":null}}]}},"s":{"0":3,"1":1,"2":3,"3":3,"4":3,"5":1,"6":1,"7":2,"8":3},"f":{"0":1,"1":3},"b":{"0":[1,2]}}
,"D:\\GrowDev\\Atividades Avaliativas\\Atividade 6 - Sistema Notas + Testes\\sistema-de-notas\\src\\core\\adapters\\express-route.adapter.ts": {"path":"D:\\GrowDev\\Atividades Avaliativas\\Atividade 6 - Sistema Notas + Testes\\sistema-de-notas\\src\\core\\adapters\\express-route.adapter.ts","statementMap":{"0":{"start":{"line":4,"column":0},"end":{"line":4,"column":34}},"1":{"start":{"line":6,"column":29},"end":{"line":23,"column":1}},"2":{"start":{"line":7,"column":4},"end":{"line":22,"column":6}},"3":{"start":{"line":8,"column":41},"end":{"line":11,"column":10}},"4":{"start":{"line":13,"column":43},"end":{"line":13,"column":79}},"5":{"start":{"line":15,"column":8},"end":{"line":21,"column":null}},"6":{"start":{"line":16,"column":12},"end":{"line":16,"column":77}},"7":{"start":{"line":18,"column":12},"end":{"line":20,"column":60}},"8":{"start":{"line":6,"column":13},"end":{"line":6,"column":29}},"9":{"start":{"line":25,"column":32},"end":{"line":66,"column":1}},"10":{"start":{"line":26,"column":4},"end":{"line":65,"column":6}},"11":{"start":{"line":27,"column":41},"end":{"line":30,"column":10}},"12":{"start":{"line":34,"column":8},"end":{"line":56,"column":null}},"13":{"start":{"line":36,"column":16},"end":{"line":36,"column":67}},"14":{"start":{"line":37,"column":16},"end":{"line":37,"column":22}},"15":{"start":{"line":39,"column":16},"end":{"line":39,"column":66}},"16":{"start":{"line":40,"column":16},"end":{"line":40,"column":22}},"17":{"start":{"line":42,"column":16},"end":{"line":42,"column":67}},"18":{"start":{"line":43,"column":16},"end":{"line":43,"column":22}},"19":{"start":{"line":45,"column":16},"end":{"line":45,"column":68}},"20":{"start":{"line":46,"column":16},"end":{"line":46,"column":22}},"21":{"start":{"line":48,"column":16},"end":{"line":48,"column":68}},"22":{"start":{"line":49,"column":16},"end":{"line":49,"column":22}},"23":{"start":{"line":51,"column":16},"end":{"line":51,"column":68}},"24":{"start":{"line":52,"column":16},"end":{"line":52,"column":22}},"25":{"start":{"line":54,"column":16},"end":{"line":54,"column":67}},"26":{"start":{"line":55,"column":16},"end":{"line":55,"column":22}},"27":{"start":{"line":58,"column":8},"end":{"line":64,"column":null}},"28":{"start":{"line":59,"column":12},"end":{"line":59,"column":77}},"29":{"start":{"line":61,"column":12},"end":{"line":63,"column":60}},"30":{"start":{"line":25,"column":13},"end":{"line":25,"column":32}}},"fnMap":{"0":{"name":"(anonymous_0)","decl":{"start":{"line":6,"column":29},"end":{"line":6,"column":30}},"loc":{"start":{"line":6,"column":56},"end":{"line":23,"column":1}}},"1":{"name":"(anonymous_1)","decl":{"start":{"line":7,"column":11},"end":{"line":7,"column":16}},"loc":{"start":{"line":7,"column":58},"end":{"line":22,"column":5}}},"2":{"name":"(anonymous_2)","decl":{"start":{"line":25,"column":32},"end":{"line":25,"column":33}},"loc":{"start":{"line":25,"column":74},"end":{"line":66,"column":1}}},"3":{"name":"(anonymous_3)","decl":{"start":{"line":26,"column":11},"end":{"line":26,"column":16}},"loc":{"start":{"line":26,"column":58},"end":{"line":65,"column":5}}}},"branchMap":{"0":{"loc":{"start":{"line":15,"column":8},"end":{"line":21,"column":null}},"type":"if","locations":[{"start":{"line":15,"column":8},"end":{"line":21,"column":null}},{"start":{"line":15,"column":8},"end":{"line":21,"column":null}}]},"1":{"loc":{"start":{"line":15,"column":12},"end":{"line":15,"column":42}},"type":"binary-expr","locations":[{"start":{"line":15,"column":12},"end":{"line":15,"column":42}},{"start":{"line":15,"column":46},"end":{"line":15,"column":76}}]},"2":{"loc":{"start":{"line":35,"column":12},"end":{"line":37,"column":22}},"type":"switch","locations":[{"start":{"line":35,"column":12},"end":{"line":37,"column":22}},{"start":{"line":38,"column":12},"end":{"line":40,"column":22}},{"start":{"line":41,"column":12},"end":{"line":43,"column":22}},{"start":{"line":44,"column":12},"end":{"line":46,"column":22}},{"start":{"line":47,"column":12},"end":{"line":49,"column":22}},{"start":{"line":50,"column":12},"end":{"line":52,"column":22}},{"start":{"line":53,"column":12},"end":{"line":55,"column":22}}]},"3":{"loc":{"start":{"line":58,"column":8},"end":{"line":64,"column":null}},"type":"if","locations":[{"start":{"line":58,"column":8},"end":{"line":64,"column":null}},{"start":{"line":58,"column":8},"end":{"line":64,"column":null}}]},"4":{"loc":{"start":{"line":58,"column":12},"end":{"line":58,"column":42}},"type":"binary-expr","locations":[{"start":{"line":58,"column":12},"end":{"line":58,"column":42}},{"start":{"line":58,"column":46},"end":{"line":58,"column":76}}]}},"s":{"0":3,"1":3,"2":0,"3":0,"4":0,"5":0,"6":0,"7":0,"8":3,"9":3,"10":6,"11":2,"12":2,"13":0,"14":0,"15":1,"16":1,"17":1,"18":1,"19":0,"20":0,"21":0,"22":0,"23":0,"24":0,"25":0,"26":0,"27":2,"28":2,"29":0,"30":3},"f":{"0":0,"1":0,"2":6,"3":2},"b":{"0":[0,0],"1":[0,0],"2":[0,1,1,0,0,0,0],"3":[2,0],"4":[2,2]}}
,"D:\\GrowDev\\Atividades Avaliativas\\Atividade 6 - Sistema Notas + Testes\\sistema-de-notas\\src\\core\\adapters\\index.ts": {"path":"D:\\GrowDev\\Atividades Avaliativas\\Atividade 6 - Sistema Notas + Testes\\sistema-de-notas\\src\\core\\adapters\\index.ts","statementMap":{"0":{"start":{"line":1,"column":0},"end":{"line":1,"column":45}},"1":{"start":{"line":2,"column":0},"end":{"line":2,"column":40}}},"fnMap":{},"branchMap":{},"s":{"0":3,"1":3},"f":{},"b":{}}
,"D:\\GrowDev\\Atividades Avaliativas\\Atividade 6 - Sistema Notas + Testes\\sistema-de-notas\\src\\core\\contracts\\index.ts": {"path":"D:\\GrowDev\\Atividades Avaliativas\\Atividade 6 - Sistema Notas + Testes\\sistema-de-notas\\src\\core\\contracts\\index.ts","statementMap":{"0":{"start":{"line":1,"column":0},"end":{"line":1,"column":38}}},"fnMap":{},"branchMap":{},"s":{"0":3},"f":{},"b":{}}
,"D:\\GrowDev\\Atividades Avaliativas\\Atividade 6 - Sistema Notas + Testes\\sistema-de-notas\\src\\core\\data\\connections\\Database.ts": {"path":"D:\\GrowDev\\Atividades Avaliativas\\Atividade 6 - Sistema Notas + Testes\\sistema-de-notas\\src\\core\\data\\connections\\Database.ts","statementMap":{"0":{"start":{"line":1,"column":0},"end":{"line":1,"column":55}},"1":{"start":{"line":7,"column":8},"end":{"line":14,"column":null}},"2":{"start":{"line":8,"column":12},"end":{"line":13,"column":null}},"3":{"start":{"line":9,"column":16},"end":{"line":9,"column":63}},"4":{"start":{"line":11,"column":16},"end":{"line":11,"column":64}},"5":{"start":{"line":12,"column":16},"end":{"line":12,"column":58}},"6":{"start":{"line":18,"column":8},"end":{"line":25,"column":null}},"7":{"start":{"line":19,"column":12},"end":{"line":24,"column":null}},"8":{"start":{"line":20,"column":16},"end":{"line":20,"column":63}},"9":{"start":{"line":21,"column":16},"end":{"line":21,"column":64}},"10":{"start":{"line":23,"column":16},"end":{"line":23,"column":64}},"11":{"start":{"line":3,"column":0},"end":{"line":3,"column":21}}},"fnMap":{"0":{"name":"(anonymous_0)","decl":{"start":{"line":6,"column":11},"end":{"line":6,"column":16}},"loc":{"start":{"line":6,"column":30},"end":{"line":15,"column":5}}},"1":{"name":"(anonymous_1)","decl":{"start":{"line":17,"column":11},"end":{"line":17,"column":16}},"loc":{"start":{"line":17,"column":31},"end":{"line":26,"column":5}}},"2":{"name":"(anonymous_2)","decl":{"start":{"line":28,"column":11},"end":{"line":28,"column":26}},"loc":{"start":{"line":28,"column":26},"end":{"line":28,"column":31}}}},"branchMap":{"0":{"loc":{"start":{"line":7,"column":8},"end":{"line":14,"column":null}},"type":"if","locations":[{"start":{"line":7,"column":8},"end":{"line":14,"column":null}},{"start":{"line":7,"column":8},"end":{"line":14,"column":null}}]},"1":{"loc":{"start":{"line":7,"column":12},"end":{"line":7,"column":40}},"type":"binary-expr","locations":[{"start":{"line":7,"column":12},"end":{"line":7,"column":40}},{"start":{"line":7,"column":44},"end":{"line":7,"column":77}}]},"2":{"loc":{"start":{"line":18,"column":8},"end":{"line":25,"column":null}},"type":"if","locations":[{"start":{"line":18,"column":8},"end":{"line":25,"column":null}},{"start":{"line":18,"column":8},"end":{"line":25,"column":null}}]},"3":{"loc":{"start":{"line":18,"column":12},"end":{"line":18,"column":40}},"type":"binary-expr","locations":[{"start":{"line":18,"column":12},"end":{"line":18,"column":40}},{"start":{"line":18,"column":44},"end":{"line":18,"column":77}}]}},"s":{"0":1,"1":0,"2":0,"3":0,"4":0,"5":0,"6":1,"7":1,"8":1,"9":1,"10":0,"11":1},"f":{"0":0,"1":1,"2":1},"b":{"0":[0,0],"1":[0,0],"2":[1,0],"3":[1,1]}}
,"D:\\GrowDev\\Atividades Avaliativas\\Atividade 6 - Sistema Notas + Testes\\sistema-de-notas\\src\\core\\data\\connections\\Redis.ts": {"path":"D:\\GrowDev\\Atividades Avaliativas\\Atividade 6 - Sistema Notas + Testes\\sistema-de-notas\\src\\core\\data\\connections\\Redis.ts","statementMap":{"0":{"start":{"line":1,"column":0},"end":{"line":1,"column":30}},"1":{"start":{"line":2,"column":0},"end":{"line":2,"column":23}},"2":{"start":{"line":8,"column":8},"end":{"line":15,"column":null}},"3":{"start":{"line":9,"column":12},"end":{"line":14,"column":null}},"4":{"start":{"line":10,"column":16},"end":{"line":10,"column":55}},"5":{"start":{"line":11,"column":16},"end":{"line":11,"column":61}},"6":{"start":{"line":13,"column":16},"end":{"line":13,"column":64}},"7":{"start":{"line":16,"column":8},"end":{"line":16,"column":32}},"8":{"start":{"line":20,"column":8},"end":{"line":22,"column":null}},"9":{"start":{"line":21,"column":12},"end":{"line":21,"column":67}},"10":{"start":{"line":4,"column":0},"end":{"line":4,"column":13}},"11":{"start":{"line":5,"column":4},"end":{"line":5,"column":38}}},"fnMap":{"0":{"name":"(anonymous_3)","decl":{"start":{"line":7,"column":11},"end":{"line":7,"column":17}},"loc":{"start":{"line":7,"column":37},"end":{"line":17,"column":5}}},"1":{"name":"(anonymous_4)","decl":{"start":{"line":19,"column":11},"end":{"line":19,"column":16}},"loc":{"start":{"line":19,"column":31},"end":{"line":23,"column":5}}}},"branchMap":{"0":{"loc":{"start":{"line":8,"column":8},"end":{"line":15,"column":null}},"type":"if","locations":[{"start":{"line":8,"column":8},"end":{"line":15,"column":null}},{"start":{"line":8,"column":8},"end":{"line":15,"column":null}}]},"1":{"loc":{"start":{"line":20,"column":8},"end":{"line":22,"column":null}},"type":"if","locations":[{"start":{"line":20,"column":8},"end":{"line":22,"column":null}},{"start":{"line":20,"column":8},"end":{"line":22,"column":null}}]}},"s":{"0":1,"1":1,"2":6,"3":1,"4":1,"5":1,"6":0,"7":6,"8":1,"9":1,"10":1,"11":1},"f":{"0":6,"1":1},"b":{"0":[1,5],"1":[1,0]}}
,"D:\\GrowDev\\Atividades Avaliativas\\Atividade 6 - Sistema Notas + Testes\\sistema-de-notas\\src\\core\\data\\database\\entities\\Notes.ts": {"path":"D:\\GrowDev\\Atividades Avaliativas\\Atividade 6 - Sistema Notas + Testes\\sistema-de-notas\\src\\core\\data\\database\\entities\\Notes.ts","statementMap":{"0":{"start":{"line":1,"column":0},"end":{"line":1,"column":null}},"1":{"start":{"line":11,"column":0},"end":{"line":11,"column":34}},"2":{"start":{"line":12,"column":0},"end":{"line":12,"column":32}},"3":{"start":{"line":15,"column":0},"end":{"line":66,"column":null}},"4":{"start":{"line":46,"column":8},"end":{"line":46,"column":16}},"5":{"start":{"line":47,"column":8},"end":{"line":47,"column":23}},"6":{"start":{"line":48,"column":8},"end":{"line":48,"column":35}},"7":{"start":{"line":49,"column":8},"end":{"line":49,"column":41}},"8":{"start":{"line":50,"column":8},"end":{"line":50,"column":37}},"9":{"start":{"line":51,"column":8},"end":{"line":51,"column":35}},"10":{"start":{"line":52,"column":8},"end":{"line":52,"column":35}},"11":{"start":{"line":57,"column":8},"end":{"line":57,"column":48}},"12":{"start":{"line":58,"column":8},"end":{"line":58,"column":80}},"13":{"start":{"line":59,"column":8},"end":{"line":59,"column":80}},"14":{"start":{"line":64,"column":8},"end":{"line":64,"column":46}},"15":{"start":{"line":17,"column":4},"end":{"line":17,"column":null}},"16":{"start":{"line":20,"column":4},"end":{"line":20,"column":null}},"17":{"start":{"line":23,"column":4},"end":{"line":23,"column":null}},"18":{"start":{"line":26,"column":4},"end":{"line":26,"column":null}},"19":{"start":{"line":29,"column":4},"end":{"line":29,"column":null}},"20":{"start":{"line":32,"column":4},"end":{"line":32,"column":null}},"21":{"start":{"line":36,"column":4},"end":{"line":36,"column":null}},"22":{"start":{"line":34,"column":25},"end":{"line":34,"column":30}},"23":{"start":{"line":34,"column":46},"end":{"line":34,"column":60}},"24":{"start":{"line":56,"column":4},"end":{"line":60,"column":null}},"25":{"start":{"line":63,"column":4},"end":{"line":65,"column":null}},"26":{"start":{"line":15,"column":13},"end":{"line":66,"column":null}},"27":{"start":{"line":15,"column":13},"end":{"line":15,"column":18}}},"fnMap":{"0":{"name":"(anonymous_2)","decl":{"start":{"line":38,"column":4},"end":{"line":38,"column":null}},"loc":{"start":{"line":44,"column":24},"end":{"line":53,"column":5}}},"1":{"name":"(anonymous_3)","decl":{"start":{"line":56,"column":12},"end":{"line":56,"column":24}},"loc":{"start":{"line":56,"column":24},"end":{"line":60,"column":5}}},"2":{"name":"(anonymous_4)","decl":{"start":{"line":63,"column":12},"end":{"line":63,"column":24}},"loc":{"start":{"line":63,"column":24},"end":{"line":65,"column":5}}},"3":{"name":"(anonymous_5)","decl":{"start":{"line":34,"column":15},"end":{"line":34,"column":16}},"loc":{"start":{"line":34,"column":25},"end":{"line":34,"column":30}}},"4":{"name":"(anonymous_6)","decl":{"start":{"line":34,"column":32},"end":{"line":34,"column":33}},"loc":{"start":{"line":34,"column":46},"end":{"line":34,"column":60}}}},"branchMap":{"0":{"loc":{"start":{"line":57,"column":30},"end":{"line":57,"column":38}},"type":"cond-expr","locations":[{"start":{"line":57,"column":30},"end":{"line":57,"column":38}},{"start":{"line":57,"column":41},"end":{"line":57,"column":47}}]},"1":{"loc":{"start":{"line":58,"column":42},"end":{"line":58,"column":56}},"type":"cond-expr","locations":[{"start":{"line":58,"column":42},"end":{"line":58,"column":56}},{"start":{"line":58,"column":59},"end":{"line":58,"column":79}}]},"2":{"loc":{"start":{"line":59,"column":42},"end":{"line":59,"column":56}},"type":"cond-expr","locations":[{"start":{"line":59,"column":42},"end":{"line":59,"column":56}},{"start":{"line":59,"column":59},"end":{"line":59,"column":79}}]}},"s":{"0":2,"1":2,"2":2,"3":2,"4":4,"5":4,"6":4,"7":4,"8":4,"9":4,"10":4,"11":3,"12":3,"13":3,"14":0,"15":2,"16":2,"17":2,"18":2,"19":2,"20":2,"21":2,"22":1,"23":1,"24":2,"25":2,"26":2,"27":2},"f":{"0":4,"1":3,"2":0,"3":1,"4":1},"b":{"0":[1,2],"1":[0,3],"2":[0,3]}}
,"D:\\GrowDev\\Atividades Avaliativas\\Atividade 6 - Sistema Notas + Testes\\sistema-de-notas\\src\\core\\data\\database\\entities\\Users.ts": {"path":"D:\\GrowDev\\Atividades Avaliativas\\Atividade 6 - Sistema Notas + Testes\\sistema-de-notas\\src\\core\\data\\database\\entities\\Users.ts","statementMap":{"0":{"start":{"line":1,"column":0},"end":{"line":1,"column":null}},"1":{"start":{"line":10,"column":0},"end":{"line":10,"column":34}},"2":{"start":{"line":11,"column":0},"end":{"line":11,"column":32}},"3":{"start":{"line":14,"column":0},"end":{"line":64,"column":null}},"4":{"start":{"line":44,"column":8},"end":{"line":44,"column":16}},"5":{"start":{"line":45,"column":8},"end":{"line":45,"column":23}},"6":{"start":{"line":46,"column":8},"end":{"line":46,"column":25}},"7":{"start":{"line":47,"column":8},"end":{"line":47,"column":31}},"8":{"start":{"line":48,"column":8},"end":{"line":48,"column":27}},"9":{"start":{"line":49,"column":8},"end":{"line":49,"column":35}},"10":{"start":{"line":50,"column":8},"end":{"line":50,"column":35}},"11":{"start":{"line":55,"column":8},"end":{"line":55,"column":48}},"12":{"start":{"line":56,"column":8},"end":{"line":56,"column":80}},"13":{"start":{"line":57,"column":8},"end":{"line":57,"column":80}},"14":{"start":{"line":62,"column":8},"end":{"line":62,"column":46}},"15":{"start":{"line":16,"column":4},"end":{"line":16,"column":null}},"16":{"start":{"line":19,"column":4},"end":{"line":19,"column":null}},"17":{"start":{"line":22,"column":4},"end":{"line":22,"column":null}},"18":{"start":{"line":25,"column":4},"end":{"line":25,"column":null}},"19":{"start":{"line":28,"column":4},"end":{"line":28,"column":null}},"20":{"start":{"line":31,"column":4},"end":{"line":31,"column":null}},"21":{"start":{"line":34,"column":4},"end":{"line":34,"column":null}},"22":{"start":{"line":33,"column":25},"end":{"line":33,"column":30}},"23":{"start":{"line":33,"column":43},"end":{"line":33,"column":57}},"24":{"start":{"line":54,"column":4},"end":{"line":58,"column":null}},"25":{"start":{"line":61,"column":4},"end":{"line":63,"column":null}},"26":{"start":{"line":14,"column":13},"end":{"line":64,"column":null}},"27":{"start":{"line":14,"column":13},"end":{"line":14,"column":18}}},"fnMap":{"0":{"name":"(anonymous_2)","decl":{"start":{"line":36,"column":4},"end":{"line":36,"column":null}},"loc":{"start":{"line":42,"column":24},"end":{"line":51,"column":5}}},"1":{"name":"(anonymous_3)","decl":{"start":{"line":54,"column":12},"end":{"line":54,"column":24}},"loc":{"start":{"line":54,"column":24},"end":{"line":58,"column":5}}},"2":{"name":"(anonymous_4)","decl":{"start":{"line":61,"column":12},"end":{"line":61,"column":24}},"loc":{"start":{"line":61,"column":24},"end":{"line":63,"column":5}}},"3":{"name":"(anonymous_5)","decl":{"start":{"line":33,"column":15},"end":{"line":33,"column":16}},"loc":{"start":{"line":33,"column":25},"end":{"line":33,"column":30}}},"4":{"name":"(anonymous_6)","decl":{"start":{"line":33,"column":32},"end":{"line":33,"column":33}},"loc":{"start":{"line":33,"column":43},"end":{"line":33,"column":57}}}},"branchMap":{"0":{"loc":{"start":{"line":55,"column":30},"end":{"line":55,"column":38}},"type":"cond-expr","locations":[{"start":{"line":55,"column":30},"end":{"line":55,"column":38}},{"start":{"line":55,"column":41},"end":{"line":55,"column":47}}]},"1":{"loc":{"start":{"line":56,"column":42},"end":{"line":56,"column":56}},"type":"cond-expr","locations":[{"start":{"line":56,"column":42},"end":{"line":56,"column":56}},{"start":{"line":56,"column":59},"end":{"line":56,"column":79}}]},"2":{"loc":{"start":{"line":57,"column":42},"end":{"line":57,"column":56}},"type":"cond-expr","locations":[{"start":{"line":57,"column":42},"end":{"line":57,"column":56}},{"start":{"line":57,"column":59},"end":{"line":57,"column":79}}]}},"s":{"0":2,"1":2,"2":2,"3":2,"4":5,"5":5,"6":5,"7":5,"8":5,"9":5,"10":5,"11":4,"12":4,"13":4,"14":0,"15":2,"16":2,"17":2,"18":2,"19":2,"20":2,"21":2,"22":1,"23":1,"24":2,"25":2,"26":2,"27":2},"f":{"0":5,"1":4,"2":0,"3":1,"4":1},"b":{"0":[0,4],"1":[0,4],"2":[0,4]}}
,"D:\\GrowDev\\Atividades Avaliativas\\Atividade 6 - Sistema Notas + Testes\\sistema-de-notas\\src\\core\\data\\database\\entities\\index.ts": {"path":"D:\\GrowDev\\Atividades Avaliativas\\Atividade 6 - Sistema Notas + Testes\\sistema-de-notas\\src\\core\\data\\database\\entities\\index.ts","statementMap":{"0":{"start":{"line":1,"column":0},"end":{"line":1,"column":24}},"1":{"start":{"line":2,"column":0},"end":{"line":2,"column":24}}},"fnMap":{},"branchMap":{},"s":{"0":1,"1":1},"f":{},"b":{}}
,"D:\\GrowDev\\Atividades Avaliativas\\Atividade 6 - Sistema Notas + Testes\\sistema-de-notas\\src\\core\\data\\database\\migrations\\1625008752930-CreateTableUsers.ts": {"path":"D:\\GrowDev\\Atividades Avaliativas\\Atividade 6 - Sistema Notas + Testes\\sistema-de-notas\\src\\core\\data\\database\\migrations\\1625008752930-CreateTableUsers.ts","statementMap":{"0":{"start":{"line":1,"column":0},"end":{"line":1,"column":65}},"1":{"start":{"line":5,"column":8},"end":{"line":45,"column":10}},"2":{"start":{"line":49,"column":8},"end":{"line":49,"column":66}},"3":{"start":{"line":3,"column":0},"end":{"line":3,"column":13}}},"fnMap":{"0":{"name":"(anonymous_0)","decl":{"start":{"line":4,"column":11},"end":{"line":4,"column":16}},"loc":{"start":{"line":4,"column":44},"end":{"line":46,"column":5}}},"1":{"name":"(anonymous_1)","decl":{"start":{"line":48,"column":11},"end":{"line":48,"column":16}},"loc":{"start":{"line":48,"column":46},"end":{"line":50,"column":5}}}},"branchMap":{},"s":{"0":1,"1":0,"2":0,"3":1},"f":{"0":0,"1":0},"b":{}}
,"D:\\GrowDev\\Atividades Avaliativas\\Atividade 6 - Sistema Notas + Testes\\sistema-de-notas\\src\\core\\data\\database\\migrations\\1625009317656-CreateTableNotes.ts": {"path":"D:\\GrowDev\\Atividades Avaliativas\\Atividade 6 - Sistema Notas + Testes\\sistema-de-notas\\src\\core\\data\\database\\migrations\\1625009317656-CreateTableNotes.ts","statementMap":{"0":{"start":{"line":1,"column":0},"end":{"line":1,"column":null}},"1":{"start":{"line":10,"column":8},"end":{"line":56,"column":10}},"2":{"start":{"line":60,"column":8},"end":{"line":60,"column":63}},"3":{"start":{"line":8,"column":0},"end":{"line":8,"column":13}}},"fnMap":{"0":{"name":"(anonymous_0)","decl":{"start":{"line":9,"column":11},"end":{"line":9,"column":16}},"loc":{"start":{"line":9,"column":44},"end":{"line":57,"column":5}}},"1":{"name":"(anonymous_1)","decl":{"start":{"line":59,"column":11},"end":{"line":59,"column":16}},"loc":{"start":{"line":59,"column":46},"end":{"line":61,"column":5}}}},"branchMap":{},"s":{"0":1,"1":0,"2":0,"3":1},"f":{"0":0,"1":0},"b":{}}
,"D:\\GrowDev\\Atividades Avaliativas\\Atividade 6 - Sistema Notas + Testes\\sistema-de-notas\\src\\core\\data\\repositories\\cache.repository.ts": {"path":"D:\\GrowDev\\Atividades Avaliativas\\Atividade 6 - Sistema Notas + Testes\\sistema-de-notas\\src\\core\\data\\repositories\\cache.repository.ts","statementMap":{"0":{"start":{"line":2,"column":0},"end":{"line":2,"column":45}},"1":{"start":{"line":8,"column":8},"end":{"line":8,"column":29}},"2":{"start":{"line":12,"column":8},"end":{"line":12,"column":49}},"3":{"start":{"line":16,"column":8},"end":{"line":16,"column":64}},"4":{"start":{"line":20,"column":8},"end":{"line":20,"column":75}},"5":{"start":{"line":24,"column":22},"end":{"line":24,"column":47}},"6":{"start":{"line":26,"column":8},"end":{"line":26,"column":48}},"7":{"start":{"line":30,"column":23},"end":{"line":30,"column":48}},"8":{"start":{"line":32,"column":8},"end":{"line":32,"column":28}},"9":{"start":{"line":4,"column":0},"end":{"line":4,"column":13}}},"fnMap":{"0":{"name":"(anonymous_0)","decl":{"start":{"line":7,"column":4},"end":{"line":7,"column":null}},"loc":{"start":{"line":7,"column":4},"end":{"line":9,"column":5}}},"1":{"name":"(anonymous_1)","decl":{"start":{"line":11,"column":12},"end":{"line":11,"column":17}},"loc":{"start":{"line":11,"column":31},"end":{"line":13,"column":5}}},"2":{"name":"(anonymous_2)","decl":{"start":{"line":15,"column":11},"end":{"line":15,"column":16}},"loc":{"start":{"line":15,"column":44},"end":{"line":17,"column":5}}},"3":{"name":"(anonymous_3)","decl":{"start":{"line":19,"column":11},"end":{"line":19,"column":16}},"loc":{"start":{"line":19,"column":59},"end":{"line":21,"column":5}}},"4":{"name":"(anonymous_4)","decl":{"start":{"line":23,"column":11},"end":{"line":23,"column":16}},"loc":{"start":{"line":23,"column":32},"end":{"line":27,"column":5}}},"5":{"name":"(anonymous_5)","decl":{"start":{"line":29,"column":11},"end":{"line":29,"column":16}},"loc":{"start":{"line":29,"column":32},"end":{"line":33,"column":5}}}},"branchMap":{"0":{"loc":{"start":{"line":26,"column":23},"end":{"line":26,"column":40}},"type":"cond-expr","locations":[{"start":{"line":26,"column":23},"end":{"line":26,"column":40}},{"start":{"line":26,"column":43},"end":{"line":26,"column":47}}]}},"s":{"0":1,"1":6,"2":6,"3":1,"4":0,"5":1,"6":1,"7":1,"8":1,"9":1},"f":{"0":6,"1":6,"2":1,"3":0,"4":1,"5":1},"b":{"0":[0,1]}}
,"D:\\GrowDev\\Atividades Avaliativas\\Atividade 6 - Sistema Notas + Testes\\sistema-de-notas\\src\\core\\data\\repositories\\index.ts": {"path":"D:\\GrowDev\\Atividades Avaliativas\\Atividade 6 - Sistema Notas + Testes\\sistema-de-notas\\src\\core\\data\\repositories\\index.ts","statementMap":{"0":{"start":{"line":1,"column":0},"end":{"line":1,"column":35}},"1":{"start":{"line":2,"column":0},"end":{"line":2,"column":34}},"2":{"start":{"line":3,"column":0},"end":{"line":3,"column":34}}},"fnMap":{},"branchMap":{},"s":{"0":1,"1":1,"2":1},"f":{},"b":{}}
,"D:\\GrowDev\\Atividades Avaliativas\\Atividade 6 - Sistema Notas + Testes\\sistema-de-notas\\src\\core\\data\\repositories\\note.repository.ts": {"path":"D:\\GrowDev\\Atividades Avaliativas\\Atividade 6 - Sistema Notas + Testes\\sistema-de-notas\\src\\core\\data\\repositories\\note.repository.ts","statementMap":{"0":{"start":{"line":1,"column":0},"end":{"line":1,"column":51}},"1":{"start":{"line":5,"column":21},"end":{"line":5,"column":45}},"2":{"start":{"line":7,"column":8},"end":{"line":9,"column":null}},"3":{"start":{"line":8,"column":12},"end":{"line":8,"column":24}},"4":{"start":{"line":11,"column":8},"end":{"line":11,"column":null}},"5":{"start":{"line":3,"column":0},"end":{"line":3,"column":13}}},"fnMap":{"0":{"name":"(anonymous_0)","decl":{"start":{"line":4,"column":4},"end":{"line":4,"column":9}},"loc":{"start":{"line":4,"column":28},"end":{"line":12,"column":5}}}},"branchMap":{"0":{"loc":{"start":{"line":7,"column":8},"end":{"line":9,"column":null}},"type":"if","locations":[{"start":{"line":7,"column":8},"end":{"line":9,"column":null}},{"start":{"line":7,"column":8},"end":{"line":9,"column":null}}]}},"s":{"0":1,"1":0,"2":0,"3":0,"4":0,"5":1},"f":{"0":0},"b":{"0":[0,0]}}
,"D:\\GrowDev\\Atividades Avaliativas\\Atividade 6 - Sistema Notas + Testes\\sistema-de-notas\\src\\core\\data\\repositories\\user.repository.ts": {"path":"D:\\GrowDev\\Atividades Avaliativas\\Atividade 6 - Sistema Notas + Testes\\sistema-de-notas\\src\\core\\data\\repositories\\user.repository.ts","statementMap":{"0":{"start":{"line":1,"column":0},"end":{"line":1,"column":51}},"1":{"start":{"line":5,"column":24},"end":{"line":5,"column":48}},"2":{"start":{"line":7,"column":8},"end":{"line":9,"column":null}},"3":{"start":{"line":8,"column":12},"end":{"line":8,"column":24}},"4":{"start":{"line":11,"column":8},"end":{"line":11,"column":null}},"5":{"start":{"line":3,"column":0},"end":{"line":3,"column":13}}},"fnMap":{"0":{"name":"(anonymous_0)","decl":{"start":{"line":4,"column":4},"end":{"line":4,"column":9}},"loc":{"start":{"line":4,"column":28},"end":{"line":12,"column":5}}}},"branchMap":{"0":{"loc":{"start":{"line":7,"column":8},"end":{"line":9,"column":null}},"type":"if","locations":[{"start":{"line":7,"column":8},"end":{"line":9,"column":null}},{"start":{"line":7,"column":8},"end":{"line":9,"column":null}}]}},"s":{"0":1,"1":0,"2":0,"3":0,"4":0,"5":1},"f":{"0":0},"b":{"0":[0,0]}}
,"D:\\GrowDev\\Atividades Avaliativas\\Atividade 6 - Sistema Notas + Testes\\sistema-de-notas\\src\\core\\enums\\index.ts": {"path":"D:\\GrowDev\\Atividades Avaliativas\\Atividade 6 - Sistema Notas + Testes\\sistema-de-notas\\src\\core\\enums\\index.ts","statementMap":{"0":{"start":{"line":1,"column":0},"end":{"line":1,"column":27}}},"fnMap":{},"branchMap":{},"s":{"0":3},"f":{},"b":{}}
,"D:\\GrowDev\\Atividades Avaliativas\\Atividade 6 - Sistema Notas + Testes\\sistema-de-notas\\src\\core\\enums\\mvc.enum.ts": {"path":"D:\\GrowDev\\Atividades Avaliativas\\Atividade 6 - Sistema Notas + Testes\\sistema-de-notas\\src\\core\\enums\\mvc.enum.ts","statementMap":{"0":{"start":{"line":1,"column":0},"end":{"line":1,"column":null}},"1":{"start":{"line":2,"column":4},"end":{"line":2,"column":null}},"2":{"start":{"line":3,"column":4},"end":{"line":3,"column":null}},"3":{"start":{"line":4,"column":4},"end":{"line":4,"column":null}},"4":{"start":{"line":5,"column":4},"end":{"line":5,"column":null}},"5":{"start":{"line":6,"column":4},"end":{"line":6,"column":null}},"6":{"start":{"line":7,"column":4},"end":{"line":7,"column":null}},"7":{"start":{"line":8,"column":4},"end":{"line":8,"column":null}}},"fnMap":{"0":{"name":"(anonymous_0)","decl":{"start":{"line":1,"column":0},"end":{"line":1,"column":12}},"loc":{"start":{"line":1,"column":16},"end":{"line":9,"column":1}}}},"branchMap":{"0":{"loc":{"start":{"line":1,"column":12},"end":{"line":1,"column":16}},"type":"binary-expr","locations":[{"start":{"line":1,"column":12},"end":{"line":1,"column":16}},{"start":{"line":1,"column":12},"end":{"line":1,"column":null}}]}},"s":{"0":3,"1":3,"2":3,"3":3,"4":3,"5":3,"6":3,"7":3},"f":{"0":3},"b":{"0":[3,3]}}
,"D:\\GrowDev\\Atividades Avaliativas\\Atividade 6 - Sistema Notas + Testes\\sistema-de-notas\\src\\core\\errors\\data-not-found-error.ts": {"path":"D:\\GrowDev\\Atividades Avaliativas\\Atividade 6 - Sistema Notas + Testes\\sistema-de-notas\\src\\core\\errors\\data-not-found-error.ts","statementMap":{"0":{"start":{"line":3,"column":8},"end":{"line":3,"column":32}},"1":{"start":{"line":4,"column":8},"end":{"line":4,"column":40}},"2":{"start":{"line":1,"column":0},"end":{"line":1,"column":13}}},"fnMap":{"0":{"name":"(anonymous_0)","decl":{"start":{"line":2,"column":4},"end":{"line":2,"column":null}},"loc":{"start":{"line":2,"column":4},"end":{"line":5,"column":5}}}},"branchMap":{},"s":{"0":0,"1":0,"2":3},"f":{"0":0},"b":{}}
,"D:\\GrowDev\\Atividades Avaliativas\\Atividade 6 - Sistema Notas + Testes\\sistema-de-notas\\src\\core\\errors\\index.ts": {"path":"D:\\GrowDev\\Atividades Avaliativas\\Atividade 6 - Sistema Notas + Testes\\sistema-de-notas\\src\\core\\errors\\index.ts","statementMap":{"0":{"start":{"line":1,"column":0},"end":{"line":1,"column":39}},"1":{"start":{"line":2,"column":0},"end":{"line":2,"column":38}},"2":{"start":{"line":3,"column":0},"end":{"line":3,"column":38}},"3":{"start":{"line":4,"column":0},"end":{"line":4,"column":36}},"4":{"start":{"line":5,"column":0},"end":{"line":5,"column":31}}},"fnMap":{},"branchMap":{},"s":{"0":3,"1":3,"2":3,"3":3,"4":3},"f":{},"b":{}}
,"D:\\GrowDev\\Atividades Avaliativas\\Atividade 6 - Sistema Notas + Testes\\sistema-de-notas\\src\\core\\errors\\invalid-param-error.ts": {"path":"D:\\GrowDev\\Atividades Avaliativas\\Atividade 6 - Sistema Notas + Testes\\sistema-de-notas\\src\\core\\errors\\invalid-param-error.ts","statementMap":{"0":{"start":{"line":3,"column":8},"end":{"line":3,"column":36}},"1":{"start":{"line":4,"column":8},"end":{"line":4,"column":40}},"2":{"start":{"line":1,"column":0},"end":{"line":1,"column":13}}},"fnMap":{"0":{"name":"(anonymous_0)","decl":{"start":{"line":2,"column":4},"end":{"line":2,"column":16}},"loc":{"start":{"line":2,"column":33},"end":{"line":5,"column":5}}}},"branchMap":{},"s":{"0":2,"1":2,"2":3},"f":{"0":2},"b":{}}
,"D:\\GrowDev\\Atividades Avaliativas\\Atividade 6 - Sistema Notas + Testes\\sistema-de-notas\\src\\core\\errors\\missing-param-error.ts": {"path":"D:\\GrowDev\\Atividades Avaliativas\\Atividade 6 - Sistema Notas + Testes\\sistema-de-notas\\src\\core\\errors\\missing-param-error.ts","statementMap":{"0":{"start":{"line":3,"column":8},"end":{"line":3,"column":45}},"1":{"start":{"line":4,"column":8},"end":{"line":4,"column":40}},"2":{"start":{"line":1,"column":0},"end":{"line":1,"column":13}}},"fnMap":{"0":{"name":"(anonymous_0)","decl":{"start":{"line":2,"column":4},"end":{"line":2,"column":16}},"loc":{"start":{"line":2,"column":33},"end":{"line":5,"column":5}}}},"branchMap":{},"s":{"0":0,"1":0,"2":3},"f":{"0":0},"b":{}}
,"D:\\GrowDev\\Atividades Avaliativas\\Atividade 6 - Sistema Notas + Testes\\sistema-de-notas\\src\\core\\errors\\server-error.ts": {"path":"D:\\GrowDev\\Atividades Avaliativas\\Atividade 6 - Sistema Notas + Testes\\sistema-de-notas\\src\\core\\errors\\server-error.ts","statementMap":{"0":{"start":{"line":3,"column":8},"end":{"line":3,"column":39}},"1":{"start":{"line":4,"column":8},"end":{"line":4,"column":34}},"2":{"start":{"line":1,"column":0},"end":{"line":1,"column":13}}},"fnMap":{"0":{"name":"(anonymous_0)","decl":{"start":{"line":2,"column":4},"end":{"line":2,"column":null}},"loc":{"start":{"line":2,"column":4},"end":{"line":5,"column":5}}}},"branchMap":{},"s":{"0":0,"1":0,"2":3},"f":{"0":0},"b":{}}
,"D:\\GrowDev\\Atividades Avaliativas\\Atividade 6 - Sistema Notas + Testes\\sistema-de-notas\\src\\core\\errors\\unauthorized-error.ts": {"path":"D:\\GrowDev\\Atividades Avaliativas\\Atividade 6 - Sistema Notas + Testes\\sistema-de-notas\\src\\core\\errors\\unauthorized-error.ts","statementMap":{"0":{"start":{"line":3,"column":8},"end":{"line":3,"column":44}},"1":{"start":{"line":4,"column":8},"end":{"line":4,"column":35}},"2":{"start":{"line":1,"column":0},"end":{"line":1,"column":13}}},"fnMap":{"0":{"name":"(anonymous_0)","decl":{"start":{"line":2,"column":4},"end":{"line":2,"column":16}},"loc":{"start":{"line":2,"column":33},"end":{"line":5,"column":5}}}},"branchMap":{},"s":{"0":0,"1":0,"2":3},"f":{"0":0},"b":{}}
,"D:\\GrowDev\\Atividades Avaliativas\\Atividade 6 - Sistema Notas + Testes\\sistema-de-notas\\src\\core\\helpers\\http.helper.ts": {"path":"D:\\GrowDev\\Atividades Avaliativas\\Atividade 6 - Sistema Notas + Testes\\sistema-de-notas\\src\\core\\helpers\\http.helper.ts","statementMap":{"0":{"start":{"line":2,"column":0},"end":{"line":2,"column":73}},"1":{"start":{"line":4,"column":18},"end":{"line":7,"column":2}},"2":{"start":{"line":4,"column":48},"end":{"line":7,"column":2}},"3":{"start":{"line":4,"column":13},"end":{"line":4,"column":18}},"4":{"start":{"line":9,"column":26},"end":{"line":12,"column":2}},"5":{"start":{"line":9,"column":59},"end":{"line":12,"column":2}},"6":{"start":{"line":9,"column":13},"end":{"line":9,"column":26}},"7":{"start":{"line":14,"column":28},"end":{"line":17,"column":2}},"8":{"start":{"line":14,"column":61},"end":{"line":17,"column":2}},"9":{"start":{"line":14,"column":13},"end":{"line":14,"column":28}},"10":{"start":{"line":19,"column":24},"end":{"line":22,"column":2}},"11":{"start":{"line":19,"column":45},"end":{"line":22,"column":2}},"12":{"start":{"line":19,"column":13},"end":{"line":19,"column":24}},"13":{"start":{"line":24,"column":27},"end":{"line":27,"column":2}},"14":{"start":{"line":24,"column":48},"end":{"line":27,"column":2}},"15":{"start":{"line":24,"column":13},"end":{"line":24,"column":27}}},"fnMap":{"0":{"name":"(anonymous_0)","decl":{"start":{"line":4,"column":18},"end":{"line":4,"column":19}},"loc":{"start":{"line":4,"column":48},"end":{"line":7,"column":2}}},"1":{"name":"(anonymous_1)","decl":{"start":{"line":9,"column":26},"end":{"line":9,"column":27}},"loc":{"start":{"line":9,"column":59},"end":{"line":12,"column":2}}},"2":{"name":"(anonymous_2)","decl":{"start":{"line":14,"column":28},"end":{"line":14,"column":29}},"loc":{"start":{"line":14,"column":61},"end":{"line":17,"column":2}}},"3":{"name":"(anonymous_3)","decl":{"start":{"line":19,"column":24},"end":{"line":19,"column":41}},"loc":{"start":{"line":19,"column":45},"end":{"line":22,"column":2}}},"4":{"name":"(anonymous_4)","decl":{"start":{"line":24,"column":27},"end":{"line":24,"column":44}},"loc":{"start":{"line":24,"column":48},"end":{"line":27,"column":2}}}},"branchMap":{},"s":{"0":3,"1":3,"2":3,"3":3,"4":3,"5":2,"6":3,"7":3,"8":0,"9":3,"10":3,"11":0,"12":3,"13":3,"14":0,"15":3},"f":{"0":3,"1":2,"2":0,"3":0,"4":0},"b":{}}
,"D:\\GrowDev\\Atividades Avaliativas\\Atividade 6 - Sistema Notas + Testes\\sistema-de-notas\\src\\core\\helpers\\index.ts": {"path":"D:\\GrowDev\\Atividades Avaliativas\\Atividade 6 - Sistema Notas + Testes\\sistema-de-notas\\src\\core\\helpers\\index.ts","statementMap":{"0":{"start":{"line":1,"column":0},"end":{"line":1,"column":30}}},"fnMap":{},"branchMap":{},"s":{"0":3},"f":{},"b":{}}
,"D:\\GrowDev\\Atividades Avaliativas\\Atividade 6 - Sistema Notas + Testes\\sistema-de-notas\\src\\core\\models\\index.ts": {"path":"D:\\GrowDev\\Atividades Avaliativas\\Atividade 6 - Sistema Notas + Testes\\sistema-de-notas\\src\\core\\models\\index.ts","statementMap":{"0":{"start":{"line":1,"column":0},"end":{"line":1,"column":29}}},"fnMap":{},"branchMap":{},"s":{"0":3},"f":{},"b":{}}
,"D:\\GrowDev\\Atividades Avaliativas\\Atividade 6 - Sistema Notas + Testes\\sistema-de-notas\\src\\core\\presentation\\App.ts": {"path":"D:\\GrowDev\\Atividades Avaliativas\\Atividade 6 - Sistema Notas + Testes\\sistema-de-notas\\src\\core\\presentation\\App.ts","statementMap":{"0":{"start":{"line":1,"column":0},"end":{"line":1,"column":67}},"1":{"start":{"line":2,"column":0},"end":{"line":2,"column":67}},"2":{"start":{"line":3,"column":0},"end":{"line":3,"column":61}},"3":{"start":{"line":4,"column":0},"end":{"line":4,"column":24}},"4":{"start":{"line":7,"column":4},"end":{"line":7,"column":43}},"5":{"start":{"line":10,"column":8},"end":{"line":10,"column":34}},"6":{"start":{"line":14,"column":8},"end":{"line":14,"column":29}},"7":{"start":{"line":18,"column":8},"end":{"line":18,"column":22}},"8":{"start":{"line":19,"column":8},"end":{"line":19,"column":27}},"9":{"start":{"line":20,"column":8},"end":{"line":20,"column":22}},"10":{"start":{"line":24,"column":8},"end":{"line":24,"column":67}},"11":{"start":{"line":25,"column":8},"end":{"line":25,"column":42}},"12":{"start":{"line":26,"column":8},"end":{"line":26,"column":34}},"13":{"start":{"line":32,"column":24},"end":{"line":32,"column":32}},"14":{"start":{"line":34,"column":8},"end":{"line":36,"column":10}},"15":{"start":{"line":35,"column":12},"end":{"line":35,"column":32}},"16":{"start":{"line":37,"column":8},"end":{"line":37,"column":43}},"17":{"start":{"line":39,"column":8},"end":{"line":41,"column":10}},"18":{"start":{"line":40,"column":12},"end":{"line":40,"column":35}},"19":{"start":{"line":43,"column":8},"end":{"line":43,"column":40}},"20":{"start":{"line":44,"column":8},"end":{"line":44,"column":40}},"21":{"start":{"line":49,"column":8},"end":{"line":51,"column":11}},"22":{"start":{"line":50,"column":12},"end":{"line":50,"column":56}},"23":{"start":{"line":6,"column":0},"end":{"line":6,"column":21}}},"fnMap":{"0":{"name":"(anonymous_9)","decl":{"start":{"line":9,"column":4},"end":{"line":9,"column":null}},"loc":{"start":{"line":9,"column":4},"end":{"line":11,"column":5}}},"1":{"name":"(anonymous_10)","decl":{"start":{"line":13,"column":4},"end":{"line":13,"column":15}},"loc":{"start":{"line":13,"column":21},"end":{"line":15,"column":5}}},"2":{"name":"(anonymous_11)","decl":{"start":{"line":17,"column":11},"end":{"line":17,"column":15}},"loc":{"start":{"line":17,"column":15},"end":{"line":21,"column":5}}},"3":{"name":"(anonymous_12)","decl":{"start":{"line":23,"column":12},"end":{"line":23,"column":18}},"loc":{"start":{"line":23,"column":18},"end":{"line":27,"column":5}}},"4":{"name":"(anonymous_13)","decl":{"start":{"line":29,"column":12},"end":{"line":29,"column":23}},"loc":{"start":{"line":29,"column":23},"end":{"line":29,"column":28}}},"5":{"name":"(anonymous_14)","decl":{"start":{"line":31,"column":12},"end":{"line":31,"column":18}},"loc":{"start":{"line":31,"column":18},"end":{"line":45,"column":5}}},"6":{"name":"(anonymous_15)","decl":{"start":{"line":34,"column":31},"end":{"line":34,"column":32}},"loc":{"start":{"line":35,"column":12},"end":{"line":35,"column":32}}},"7":{"name":"(anonymous_16)","decl":{"start":{"line":39,"column":25},"end":{"line":39,"column":26}},"loc":{"start":{"line":40,"column":12},"end":{"line":40,"column":35}}},"8":{"name":"(anonymous_17)","decl":{"start":{"line":48,"column":11},"end":{"line":48,"column":16}},"loc":{"start":{"line":48,"column":26},"end":{"line":52,"column":5}}},"9":{"name":"(anonymous_18)","decl":{"start":{"line":49,"column":35},"end":{"line":49,"column":38}},"loc":{"start":{"line":49,"column":40},"end":{"line":51,"column":9}}}},"branchMap":{},"s":{"0":1,"1":1,"2":1,"3":1,"4":1,"5":1,"6":1,"7":0,"8":0,"9":0,"10":0,"11":0,"12":0,"13":0,"14":0,"15":0,"16":0,"17":0,"18":0,"19":0,"20":0,"21":0,"22":0,"23":1},"f":{"0":1,"1":1,"2":0,"3":0,"4":0,"5":0,"6":0,"7":0,"8":0,"9":0},"b":{}}
,"D:\\GrowDev\\Atividades Avaliativas\\Atividade 6 - Sistema Notas + Testes\\sistema-de-notas\\src\\features\\notes\\controllers\\NotesController.ts": {"path":"D:\\GrowDev\\Atividades Avaliativas\\Atividade 6 - Sistema Notas + Testes\\sistema-de-notas\\src\\features\\notes\\controllers\\NotesController.ts","statementMap":{"0":{"start":{"line":1,"column":0},"end":{"line":1,"column":85}},"1":{"start":{"line":7,"column":4},"end":{"line":7,"column":36}},"2":{"start":{"line":8,"column":4},"end":{"line":8,"column":37}},"3":{"start":{"line":11,"column":8},"end":{"line":11,"column":26}},"4":{"start":{"line":12,"column":8},"end":{"line":12,"column":28}},"5":{"start":{"line":16,"column":8},"end":{"line":34,"column":null}},"6":{"start":{"line":17,"column":26},"end":{"line":17,"column":74}},"7":{"start":{"line":19,"column":12},"end":{"line":21,"column":null}},"8":{"start":{"line":20,"column":16},"end":{"line":20,"column":33}},"9":{"start":{"line":23,"column":26},"end":{"line":23,"column":65}},"10":{"start":{"line":25,"column":12},"end":{"line":27,"column":null}},"11":{"start":{"line":26,"column":16},"end":{"line":26,"column":34}},"12":{"start":{"line":29,"column":12},"end":{"line":29,"column":68}},"13":{"start":{"line":31,"column":12},"end":{"line":31,"column":29}},"14":{"start":{"line":33,"column":12},"end":{"line":33,"column":33}},"15":{"start":{"line":38,"column":8},"end":{"line":54,"column":null}},"16":{"start":{"line":39,"column":26},"end":{"line":39,"column":73}},"17":{"start":{"line":41,"column":12},"end":{"line":43,"column":null}},"18":{"start":{"line":42,"column":16},"end":{"line":42,"column":33}},"19":{"start":{"line":45,"column":25},"end":{"line":45,"column":64}},"20":{"start":{"line":47,"column":12},"end":{"line":49,"column":null}},"21":{"start":{"line":48,"column":16},"end":{"line":48,"column":34}},"22":{"start":{"line":51,"column":12},"end":{"line":51,"column":28}},"23":{"start":{"line":53,"column":12},"end":{"line":53,"column":33}},"24":{"start":{"line":58,"column":8},"end":{"line":67,"column":null}},"25":{"start":{"line":59,"column":29},"end":{"line":59,"column":62}},"26":{"start":{"line":61,"column":12},"end":{"line":61,"column":75}},"27":{"start":{"line":62,"column":12},"end":{"line":62,"column":66}},"28":{"start":{"line":64,"column":12},"end":{"line":64,"column":32}},"29":{"start":{"line":66,"column":12},"end":{"line":66,"column":33}},"30":{"start":{"line":71,"column":8},"end":{"line":85,"column":null}},"31":{"start":{"line":72,"column":28},"end":{"line":72,"column":38}},"32":{"start":{"line":73,"column":29},"end":{"line":73,"column":67}},"33":{"start":{"line":75,"column":12},"end":{"line":77,"column":null}},"34":{"start":{"line":76,"column":16},"end":{"line":76,"column":34}},"35":{"start":{"line":79,"column":12},"end":{"line":79,"column":59}},"36":{"start":{"line":80,"column":12},"end":{"line":80,"column":66}},"37":{"start":{"line":82,"column":12},"end":{"line":82,"column":32}},"38":{"start":{"line":84,"column":12},"end":{"line":84,"column":33}},"39":{"start":{"line":89,"column":8},"end":{"line":101,"column":null}},"40":{"start":{"line":90,"column":29},"end":{"line":90,"column":68}},"41":{"start":{"line":92,"column":12},"end":{"line":92,"column":60}},"42":{"start":{"line":94,"column":12},"end":{"line":96,"column":null}},"43":{"start":{"line":95,"column":16},"end":{"line":95,"column":34}},"44":{"start":{"line":98,"column":12},"end":{"line":98,"column":32}},"45":{"start":{"line":100,"column":12},"end":{"line":100,"column":33}},"46":{"start":{"line":105,"column":8},"end":{"line":118,"column":null}},"47":{"start":{"line":106,"column":28},"end":{"line":106,"column":38}},"48":{"start":{"line":107,"column":30},"end":{"line":107,"column":61}},"49":{"start":{"line":109,"column":12},"end":{"line":109,"column":50}},"50":{"start":{"line":111,"column":12},"end":{"line":113,"column":null}},"51":{"start":{"line":112,"column":16},"end":{"line":112,"column":34}},"52":{"start":{"line":115,"column":12},"end":{"line":115,"column":33}},"53":{"start":{"line":117,"column":12},"end":{"line":117,"column":33}},"54":{"start":{"line":122,"column":8},"end":{"line":122,"column":29}},"55":{"start":{"line":6,"column":0},"end":{"line":6,"column":21}}},"fnMap":{"0":{"name":"(anonymous_2)","decl":{"start":{"line":10,"column":4},"end":{"line":10,"column":16}},"loc":{"start":{"line":10,"column":61},"end":{"line":13,"column":5}}},"1":{"name":"(anonymous_3)","decl":{"start":{"line":15,"column":11},"end":{"line":15,"column":16}},"loc":{"start":{"line":15,"column":39},"end":{"line":35,"column":5}}},"2":{"name":"(anonymous_4)","decl":{"start":{"line":37,"column":11},"end":{"line":37,"column":16}},"loc":{"start":{"line":37,"column":38},"end":{"line":55,"column":5}}},"3":{"name":"(anonymous_5)","decl":{"start":{"line":57,"column":11},"end":{"line":57,"column":16}},"loc":{"start":{"line":57,"column":39},"end":{"line":68,"column":5}}},"4":{"name":"(anonymous_6)","decl":{"start":{"line":70,"column":11},"end":{"line":70,"column":16}},"loc":{"start":{"line":70,"column":40},"end":{"line":86,"column":5}}},"5":{"name":"(anonymous_7)","decl":{"start":{"line":88,"column":11},"end":{"line":88,"column":16}},"loc":{"start":{"line":88,"column":40},"end":{"line":102,"column":5}}},"6":{"name":"(anonymous_8)","decl":{"start":{"line":104,"column":11},"end":{"line":104,"column":16}},"loc":{"start":{"line":104,"column":43},"end":{"line":119,"column":5}}},"7":{"name":"(anonymous_9)","decl":{"start":{"line":121,"column":4},"end":{"line":121,"column":9}},"loc":{"start":{"line":121,"column":15},"end":{"line":123,"column":5}}}},"branchMap":{"0":{"loc":{"start":{"line":19,"column":12},"end":{"line":21,"column":null}},"type":"if","locations":[{"start":{"line":19,"column":12},"end":{"line":21,"column":null}},{"start":{"line":19,"column":12},"end":{"line":21,"column":null}}]},"1":{"loc":{"start":{"line":25,"column":12},"end":{"line":27,"column":null}},"type":"if","locations":[{"start":{"line":25,"column":12},"end":{"line":27,"column":null}},{"start":{"line":25,"column":12},"end":{"line":27,"column":null}}]},"2":{"loc":{"start":{"line":41,"column":12},"end":{"line":43,"column":null}},"type":"if","locations":[{"start":{"line":41,"column":12},"end":{"line":43,"column":null}},{"start":{"line":41,"column":12},"end":{"line":43,"column":null}}]},"3":{"loc":{"start":{"line":47,"column":12},"end":{"line":49,"column":null}},"type":"if","locations":[{"start":{"line":47,"column":12},"end":{"line":49,"column":null}},{"start":{"line":47,"column":12},"end":{"line":49,"column":null}}]},"4":{"loc":{"start":{"line":75,"column":12},"end":{"line":77,"column":null}},"type":"if","locations":[{"start":{"line":75,"column":12},"end":{"line":77,"column":null}},{"start":{"line":75,"column":12},"end":{"line":77,"column":null}}]},"5":{"loc":{"start":{"line":94,"column":12},"end":{"line":96,"column":null}},"type":"if","locations":[{"start":{"line":94,"column":12},"end":{"line":96,"column":null}},{"start":{"line":94,"column":12},"end":{"line":96,"column":null}}]},"6":{"loc":{"start":{"line":111,"column":12},"end":{"line":113,"column":null}},"type":"if","locations":[{"start":{"line":111,"column":12},"end":{"line":113,"column":null}},{"start":{"line":111,"column":12},"end":{"line":113,"column":null}}]}},"s":{"0":1,"1":6,"2":6,"3":6,"4":6,"5":0,"6":0,"7":0,"8":0,"9":0,"10":0,"11":0,"12":0,"13":0,"14":0,"15":1,"16":1,"17":1,"18":0,"19":1,"20":1,"21":0,"22":1,"23":0,"24":1,"25":1,"26":1,"27":1,"28":1,"29":0,"30":0,"31":0,"32":0,"33":0,"34":0,"35":0,"36":0,"37":0,"38":0,"39":0,"40":0,"41":0,"42":0,"43":0,"44":0,"45":0,"46":0,"47":0,"48":0,"49":0,"50":0,"51":0,"52":0,"53":0,"54":0,"55":1},"f":{"0":6,"1":0,"2":1,"3":1,"4":0,"5":0,"6":0,"7":0},"b":{"0":[0,0],"1":[0,0],"2":[0,1],"3":[0,1],"4":[0,0],"5":[0,0],"6":[0,0]}}
,"D:\\GrowDev\\Atividades Avaliativas\\Atividade 6 - Sistema Notas + Testes\\sistema-de-notas\\src\\features\\notes\\middlewares\\NoteInput.ts": {"path":"D:\\GrowDev\\Atividades Avaliativas\\Atividade 6 - Sistema Notas + Testes\\sistema-de-notas\\src\\features\\notes\\middlewares\\NoteInput.ts","statementMap":{"0":{"start":{"line":1,"column":0},"end":{"line":1,"column":88}},"1":{"start":{"line":6,"column":28},"end":{"line":6,"column":36}},"2":{"start":{"line":7,"column":56},"end":{"line":7,"column":60}},"3":{"start":{"line":9,"column":8},"end":{"line":18,"column":null}},"4":{"start":{"line":17,"column":12},"end":{"line":17,"column":67}},"5":{"start":{"line":19,"column":8},"end":{"line":19,"column":22}},"6":{"start":{"line":4,"column":0},"end":{"line":4,"column":13}}},"fnMap":{"0":{"name":"(anonymous_0)","decl":{"start":{"line":5,"column":4},"end":{"line":5,"column":9}},"loc":{"start":{"line":5,"column":33},"end":{"line":20,"column":5}}}},"branchMap":{"0":{"loc":{"start":{"line":9,"column":8},"end":{"line":18,"column":null}},"type":"if","locations":[{"start":{"line":9,"column":8},"end":{"line":18,"column":null}},{"start":{"line":9,"column":8},"end":{"line":18,"column":null}}]},"1":{"loc":{"start":{"line":10,"column":12},"end":{"line":10,"column":22}},"type":"binary-expr","locations":[{"start":{"line":10,"column":12},"end":{"line":10,"column":22}},{"start":{"line":11,"column":12},"end":{"line":11,"column":27}},{"start":{"line":12,"column":12},"end":{"line":12,"column":25}},{"start":{"line":13,"column":12},"end":{"line":13,"column":30}},{"start":{"line":14,"column":12},"end":{"line":14,"column":23}},{"start":{"line":15,"column":12},"end":{"line":15,"column":28}}]}},"s":{"0":1,"1":3,"2":3,"3":3,"4":2,"5":1,"6":1},"f":{"0":3},"b":{"0":[2,1],"1":[3,3,3,1,1,1]}}
,"D:\\GrowDev\\Atividades Avaliativas\\Atividade 6 - Sistema Notas + Testes\\sistema-de-notas\\src\\features\\notes\\repositories\\NotesRepositories.ts": {"path":"D:\\GrowDev\\Atividades Avaliativas\\Atividade 6 - Sistema Notas + Testes\\sistema-de-notas\\src\\features\\notes\\repositories\\NotesRepositories.ts","statementMap":{"0":{"start":{"line":1,"column":0},"end":{"line":1,"column":67}},"1":{"start":{"line":2,"column":0},"end":{"line":2,"column":34}},"2":{"start":{"line":6,"column":56},"end":{"line":6,"column":61}},"3":{"start":{"line":7,"column":26},"end":{"line":12,"column":16}},"4":{"start":{"line":14,"column":8},"end":{"line":14,"column":51}},"5":{"start":{"line":18,"column":22},"end":{"line":18,"column":70}},"6":{"start":{"line":20,"column":8},"end":{"line":22,"column":null}},"7":{"start":{"line":21,"column":12},"end":{"line":21,"column":24}},"8":{"start":{"line":24,"column":8},"end":{"line":24,"column":21}},"9":{"start":{"line":28,"column":21},"end":{"line":28,"column":45}},"10":{"start":{"line":30,"column":8},"end":{"line":32,"column":null}},"11":{"start":{"line":31,"column":12},"end":{"line":31,"column":24}},"12":{"start":{"line":33,"column":8},"end":{"line":33,"column":20}},"13":{"start":{"line":37,"column":25},"end":{"line":37,"column":49}},"14":{"start":{"line":39,"column":8},"end":{"line":41,"column":null}},"15":{"start":{"line":40,"column":12},"end":{"line":40,"column":24}},"16":{"start":{"line":43,"column":8},"end":{"line":43,"column":45}},"17":{"start":{"line":44,"column":8},"end":{"line":44,"column":51}},"18":{"start":{"line":45,"column":8},"end":{"line":45,"column":24}},"19":{"start":{"line":47,"column":8},"end":{"line":52,"column":10}},"20":{"start":{"line":57,"column":25},"end":{"line":57,"column":47}},"21":{"start":{"line":59,"column":8},"end":{"line":61,"column":null}},"22":{"start":{"line":60,"column":12},"end":{"line":60,"column":25}},"23":{"start":{"line":63,"column":8},"end":{"line":63,"column":20}},"24":{"start":{"line":67,"column":26},"end":{"line":67,"column":48}},"25":{"start":{"line":69,"column":8},"end":{"line":71,"column":null}},"26":{"start":{"line":70,"column":12},"end":{"line":70,"column":25}},"27":{"start":{"line":73,"column":8},"end":{"line":75,"column":null}},"28":{"start":{"line":74,"column":12},"end":{"line":74,"column":40}},"29":{"start":{"line":77,"column":8},"end":{"line":77,"column":20}},"30":{"start":{"line":4,"column":0},"end":{"line":4,"column":21}}},"fnMap":{"0":{"name":"(anonymous_0)","decl":{"start":{"line":5,"column":4},"end":{"line":5,"column":9}},"loc":{"start":{"line":5,"column":29},"end":{"line":15,"column":5}}},"1":{"name":"(anonymous_1)","decl":{"start":{"line":17,"column":4},"end":{"line":17,"column":9}},"loc":{"start":{"line":17,"column":28},"end":{"line":25,"column":5}}},"2":{"name":"(anonymous_2)","decl":{"start":{"line":27,"column":4},"end":{"line":27,"column":9}},"loc":{"start":{"line":27,"column":28},"end":{"line":34,"column":5}}},"3":{"name":"(anonymous_3)","decl":{"start":{"line":36,"column":4},"end":{"line":36,"column":9}},"loc":{"start":{"line":36,"column":42},"end":{"line":53,"column":5}}},"4":{"name":"(anonymous_4)","decl":{"start":{"line":56,"column":4},"end":{"line":56,"column":9}},"loc":{"start":{"line":56,"column":28},"end":{"line":64,"column":5}}},"5":{"name":"(anonymous_5)","decl":{"start":{"line":66,"column":4},"end":{"line":66,"column":9}},"loc":{"start":{"line":66,"column":31},"end":{"line":78,"column":5}}}},"branchMap":{"0":{"loc":{"start":{"line":20,"column":8},"end":{"line":22,"column":null}},"type":"if","locations":[{"start":{"line":20,"column":8},"end":{"line":22,"column":null}},{"start":{"line":20,"column":8},"end":{"line":22,"column":null}}]},"1":{"loc":{"start":{"line":30,"column":8},"end":{"line":32,"column":null}},"type":"if","locations":[{"start":{"line":30,"column":8},"end":{"line":32,"column":null}},{"start":{"line":30,"column":8},"end":{"line":32,"column":null}}]},"2":{"loc":{"start":{"line":39,"column":8},"end":{"line":41,"column":null}},"type":"if","locations":[{"start":{"line":39,"column":8},"end":{"line":41,"column":null}},{"start":{"line":39,"column":8},"end":{"line":41,"column":null}}]},"3":{"loc":{"start":{"line":59,"column":8},"end":{"line":61,"column":null}},"type":"if","locations":[{"start":{"line":59,"column":8},"end":{"line":61,"column":null}},{"start":{"line":59,"column":8},"end":{"line":61,"column":null}}]},"4":{"loc":{"start":{"line":69,"column":8},"end":{"line":71,"column":null}},"type":"if","locations":[{"start":{"line":69,"column":8},"end":{"line":71,"column":null}},{"start":{"line":69,"column":8},"end":{"line":71,"column":null}}]}},"s":{"0":1,"1":1,"2":1,"3":1,"4":1,"5":0,"6":0,"7":0,"8":0,"9":0,"10":0,"11":0,"12":0,"13":0,"14":0,"15":0,"16":0,"17":0,"18":0,"19":0,"20":0,"21":0,"22":0,"23":0,"24":0,"25":0,"26":0,"27":0,"28":0,"29":0,"30":1},"f":{"0":1,"1":0,"2":0,"3":0,"4":0,"5":0},"b":{"0":[0,0],"1":[0,0],"2":[0,0],"3":[0,0],"4":[0,0]}}
,"D:\\GrowDev\\Atividades Avaliativas\\Atividade 6 - Sistema Notas + Testes\\sistema-de-notas\\src\\features\\notes\\routers\\NotesRoutes.ts": {"path":"D:\\GrowDev\\Atividades Avaliativas\\Atividade 6 - Sistema Notas + Testes\\sistema-de-notas\\src\\features\\notes\\routers\\NotesRoutes.ts","statementMap":{"0":{"start":{"line":1,"column":0},"end":{"line":1,"column":72}},"1":{"start":{"line":3,"column":0},"end":{"line":3,"column":66}},"2":{"start":{"line":4,"column":0},"end":{"line":4,"column":64}},"3":{"start":{"line":5,"column":0},"end":{"line":5,"column":61}},"4":{"start":{"line":7,"column":0},"end":{"line":7,"column":55}},"5":{"start":{"line":8,"column":0},"end":{"line":8,"column":50}},"6":{"start":{"line":11,"column":20},"end":{"line":16,"column":1}},"7":{"start":{"line":12,"column":17},"end":{"line":12,"column":38}},"8":{"start":{"line":13,"column":18},"end":{"line":13,"column":39}},"9":{"start":{"line":15,"column":4},"end":{"line":15,"column":44}},"10":{"start":{"line":20,"column":8},"end":{"line":26,"column":10}},"11":{"start":{"line":27,"column":8},"end":{"line":33,"column":10}},"12":{"start":{"line":34,"column":8},"end":{"line":41,"column":10}},"13":{"start":{"line":42,"column":8},"end":{"line":49,"column":10}},"14":{"start":{"line":50,"column":8},"end":{"line":56,"column":10}},"15":{"start":{"line":57,"column":8},"end":{"line":63,"column":10}},"16":{"start":{"line":18,"column":0},"end":{"line":18,"column":21}}},"fnMap":{"0":{"name":"(anonymous_1)","decl":{"start":{"line":11,"column":20},"end":{"line":11,"column":38}},"loc":{"start":{"line":11,"column":40},"end":{"line":16,"column":1}}},"1":{"name":"(anonymous_2)","decl":{"start":{"line":19,"column":11},"end":{"line":19,"column":15}},"loc":{"start":{"line":19,"column":30},"end":{"line":64,"column":5}}}},"branchMap":{},"s":{"0":1,"1":1,"2":1,"3":1,"4":1,"5":1,"6":1,"7":6,"8":6,"9":6,"10":1,"11":1,"12":1,"13":1,"14":1,"15":1,"16":1},"f":{"0":6,"1":1},"b":{}}
,"D:\\GrowDev\\Atividades Avaliativas\\Atividade 6 - Sistema Notas + Testes\\sistema-de-notas\\src\\features\\users\\controllers\\UsersController.ts": {"path":"D:\\GrowDev\\Atividades Avaliativas\\Atividade 6 - Sistema Notas + Testes\\sistema-de-notas\\src\\features\\users\\controllers\\UsersController.ts","statementMap":{"0":{"start":{"line":1,"column":0},"end":{"line":1,"column":null}},"1":{"start":{"line":12,"column":4},"end":{"line":12,"column":36}},"2":{"start":{"line":15,"column":8},"end":{"line":15,"column":26}},"3":{"start":{"line":19,"column":8},"end":{"line":25,"column":null}},"4":{"start":{"line":20,"column":32},"end":{"line":20,"column":65}},"5":{"start":{"line":22,"column":12},"end":{"line":22,"column":35}},"6":{"start":{"line":24,"column":12},"end":{"line":24,"column":33}},"7":{"start":{"line":29,"column":8},"end":{"line":39,"column":null}},"8":{"start":{"line":30,"column":28},"end":{"line":30,"column":67}},"9":{"start":{"line":32,"column":12},"end":{"line":34,"column":null}},"10":{"start":{"line":33,"column":16},"end":{"line":33,"column":34}},"11":{"start":{"line":36,"column":12},"end":{"line":36,"column":31}},"12":{"start":{"line":38,"column":12},"end":{"line":38,"column":33}},"13":{"start":{"line":43,"column":8},"end":{"line":49,"column":null}},"14":{"start":{"line":44,"column":28},"end":{"line":44,"column":77}},"15":{"start":{"line":46,"column":12},"end":{"line":46,"column":31}},"16":{"start":{"line":48,"column":12},"end":{"line":48,"column":33}},"17":{"start":{"line":53,"column":8},"end":{"line":61,"column":null}},"18":{"start":{"line":54,"column":12},"end":{"line":54,"column":52}},"19":{"start":{"line":56,"column":12},"end":{"line":58,"column":15}},"20":{"start":{"line":60,"column":12},"end":{"line":60,"column":33}},"21":{"start":{"line":65,"column":8},"end":{"line":75,"column":null}},"22":{"start":{"line":66,"column":30},"end":{"line":66,"column":62}},"23":{"start":{"line":68,"column":12},"end":{"line":70,"column":null}},"24":{"start":{"line":69,"column":16},"end":{"line":69,"column":34}},"25":{"start":{"line":72,"column":12},"end":{"line":72,"column":33}},"26":{"start":{"line":74,"column":12},"end":{"line":74,"column":33}},"27":{"start":{"line":79,"column":8},"end":{"line":79,"column":29}},"28":{"start":{"line":11,"column":0},"end":{"line":11,"column":21}}},"fnMap":{"0":{"name":"(anonymous_2)","decl":{"start":{"line":14,"column":4},"end":{"line":14,"column":16}},"loc":{"start":{"line":14,"column":37},"end":{"line":16,"column":5}}},"1":{"name":"(anonymous_3)","decl":{"start":{"line":18,"column":11},"end":{"line":18,"column":16}},"loc":{"start":{"line":18,"column":39},"end":{"line":26,"column":5}}},"2":{"name":"(anonymous_4)","decl":{"start":{"line":28,"column":11},"end":{"line":28,"column":16}},"loc":{"start":{"line":28,"column":38},"end":{"line":40,"column":5}}},"3":{"name":"(anonymous_5)","decl":{"start":{"line":42,"column":11},"end":{"line":42,"column":16}},"loc":{"start":{"line":42,"column":40},"end":{"line":50,"column":5}}},"4":{"name":"(anonymous_6)","decl":{"start":{"line":52,"column":11},"end":{"line":52,"column":16}},"loc":{"start":{"line":52,"column":40},"end":{"line":62,"column":5}}},"5":{"name":"(anonymous_7)","decl":{"start":{"line":64,"column":11},"end":{"line":64,"column":16}},"loc":{"start":{"line":64,"column":39},"end":{"line":76,"column":5}}},"6":{"name":"(anonymous_8)","decl":{"start":{"line":78,"column":4},"end":{"line":78,"column":9}},"loc":{"start":{"line":78,"column":15},"end":{"line":80,"column":5}}}},"branchMap":{"0":{"loc":{"start":{"line":32,"column":12},"end":{"line":34,"column":null}},"type":"if","locations":[{"start":{"line":32,"column":12},"end":{"line":34,"column":null}},{"start":{"line":32,"column":12},"end":{"line":34,"column":null}}]},"1":{"loc":{"start":{"line":68,"column":12},"end":{"line":70,"column":null}},"type":"if","locations":[{"start":{"line":68,"column":12},"end":{"line":70,"column":null}},{"start":{"line":68,"column":12},"end":{"line":70,"column":null}}]}},"s":{"0":2,"1":0,"2":0,"3":0,"4":0,"5":0,"6":0,"7":0,"8":0,"9":0,"10":0,"11":0,"12":0,"13":0,"14":0,"15":0,"16":0,"17":0,"18":0,"19":0,"20":0,"21":0,"22":0,"23":0,"24":0,"25":0,"26":0,"27":0,"28":2},"f":{"0":0,"1":0,"2":0,"3":0,"4":0,"5":0,"6":0},"b":{"0":[0,0],"1":[0,0]}}
,"D:\\GrowDev\\Atividades Avaliativas\\Atividade 6 - Sistema Notas + Testes\\sistema-de-notas\\src\\features\\users\\middlewares\\LoginInput.ts": {"path":"D:\\GrowDev\\Atividades Avaliativas\\Atividade 6 - Sistema Notas + Testes\\sistema-de-notas\\src\\features\\users\\middlewares\\LoginInput.ts","statementMap":{"0":{"start":{"line":1,"column":0},"end":{"line":1,"column":88}},"1":{"start":{"line":6,"column":28},"end":{"line":6,"column":36}},"2":{"start":{"line":7,"column":35},"end":{"line":7,"column":39}},"3":{"start":{"line":9,"column":8},"end":{"line":11,"column":null}},"4":{"start":{"line":10,"column":12},"end":{"line":10,"column":67}},"5":{"start":{"line":12,"column":8},"end":{"line":12,"column":22}},"6":{"start":{"line":4,"column":0},"end":{"line":4,"column":13}}},"fnMap":{"0":{"name":"(anonymous_0)","decl":{"start":{"line":5,"column":4},"end":{"line":5,"column":9}},"loc":{"start":{"line":5,"column":33},"end":{"line":13,"column":5}}}},"branchMap":{"0":{"loc":{"start":{"line":9,"column":8},"end":{"line":11,"column":null}},"type":"if","locations":[{"start":{"line":9,"column":8},"end":{"line":11,"column":null}},{"start":{"line":9,"column":8},"end":{"line":11,"column":null}}]},"1":{"loc":{"start":{"line":9,"column":12},"end":{"line":9,"column":20}},"type":"binary-expr","locations":[{"start":{"line":9,"column":12},"end":{"line":9,"column":20}},{"start":{"line":9,"column":24},"end":{"line":9,"column":37}},{"start":{"line":9,"column":41},"end":{"line":9,"column":47}},{"start":{"line":9,"column":51},"end":{"line":9,"column":62}}]}},"s":{"0":1,"1":0,"2":0,"3":0,"4":0,"5":0,"6":1},"f":{"0":0},"b":{"0":[0,0],"1":[0,0,0,0]}}
,"D:\\GrowDev\\Atividades Avaliativas\\Atividade 6 - Sistema Notas + Testes\\sistema-de-notas\\src\\features\\users\\middlewares\\UserInput.ts": {"path":"D:\\GrowDev\\Atividades Avaliativas\\Atividade 6 - Sistema Notas + Testes\\sistema-de-notas\\src\\features\\users\\middlewares\\UserInput.ts","statementMap":{"0":{"start":{"line":1,"column":0},"end":{"line":1,"column":89}},"1":{"start":{"line":6,"column":28},"end":{"line":6,"column":36}},"2":{"start":{"line":7,"column":41},"end":{"line":7,"column":45}},"3":{"start":{"line":9,"column":8},"end":{"line":18,"column":null}},"4":{"start":{"line":17,"column":12},"end":{"line":17,"column":67}},"5":{"start":{"line":19,"column":8},"end":{"line":19,"column":22}},"6":{"start":{"line":4,"column":0},"end":{"line":4,"column":13}}},"fnMap":{"0":{"name":"(anonymous_0)","decl":{"start":{"line":5,"column":4},"end":{"line":5,"column":9}},"loc":{"start":{"line":5,"column":33},"end":{"line":20,"column":5}}}},"branchMap":{"0":{"loc":{"start":{"line":9,"column":8},"end":{"line":18,"column":null}},"type":"if","locations":[{"start":{"line":9,"column":8},"end":{"line":18,"column":null}},{"start":{"line":9,"column":8},"end":{"line":18,"column":null}}]},"1":{"loc":{"start":{"line":10,"column":12},"end":{"line":10,"column":17}},"type":"binary-expr","locations":[{"start":{"line":10,"column":12},"end":{"line":10,"column":17}},{"start":{"line":11,"column":12},"end":{"line":11,"column":22}},{"start":{"line":12,"column":12},"end":{"line":12,"column":20}},{"start":{"line":13,"column":12},"end":{"line":13,"column":25}},{"start":{"line":14,"column":12},"end":{"line":14,"column":18}},{"start":{"line":15,"column":12},"end":{"line":15,"column":23}}]}},"s":{"0":1,"1":0,"2":0,"3":0,"4":0,"5":0,"6":1},"f":{"0":0},"b":{"0":[0,0],"1":[0,0,0,0,0,0]}}
,"D:\\GrowDev\\Atividades Avaliativas\\Atividade 6 - Sistema Notas + Testes\\sistema-de-notas\\src\\features\\users\\middlewares\\UsersLoginMiddleware.ts": {"path":"D:\\GrowDev\\Atividades Avaliativas\\Atividade 6 - Sistema Notas + Testes\\sistema-de-notas\\src\\features\\users\\middlewares\\UsersLoginMiddleware.ts","statementMap":{"0":{"start":{"line":1,"column":0},"end":{"line":1,"column":118}},"1":{"start":{"line":2,"column":0},"end":{"line":2,"column":31}},"2":{"start":{"line":4,"column":0},"end":{"line":4,"column":27}},"3":{"start":{"line":5,"column":20},"end":{"line":5,"column":43}},"4":{"start":{"line":15,"column":34},"end":{"line":15,"column":45}},"5":{"start":{"line":17,"column":8},"end":{"line":19,"column":null}},"6":{"start":{"line":18,"column":12},"end":{"line":18,"column":69}},"7":{"start":{"line":21,"column":22},"end":{"line":21,"column":64}},"8":{"start":{"line":23,"column":8},"end":{"line":33,"column":null}},"9":{"start":{"line":24,"column":25},"end":{"line":24,"column":50}},"10":{"start":{"line":26,"column":28},"end":{"line":26,"column":48}},"11":{"start":{"line":28,"column":12},"end":{"line":28,"column":38}},"12":{"start":{"line":30,"column":12},"end":{"line":30,"column":26}},"13":{"start":{"line":32,"column":12},"end":{"line":32,"column":69}},"14":{"start":{"line":13,"column":0},"end":{"line":13,"column":13}}},"fnMap":{"0":{"name":"(anonymous_1)","decl":{"start":{"line":14,"column":4},"end":{"line":14,"column":9}},"loc":{"start":{"line":14,"column":36},"end":{"line":34,"column":5}}}},"branchMap":{"0":{"loc":{"start":{"line":17,"column":8},"end":{"line":19,"column":null}},"type":"if","locations":[{"start":{"line":17,"column":8},"end":{"line":19,"column":null}},{"start":{"line":17,"column":8},"end":{"line":19,"column":null}}]}},"s":{"0":1,"1":1,"2":1,"3":1,"4":0,"5":0,"6":0,"7":0,"8":0,"9":0,"10":0,"11":0,"12":0,"13":0,"14":1},"f":{"0":0},"b":{"0":[0,0]}}
,"D:\\GrowDev\\Atividades Avaliativas\\Atividade 6 - Sistema Notas + Testes\\sistema-de-notas\\src\\features\\users\\repositories\\UsersRepositories.ts": {"path":"D:\\GrowDev\\Atividades Avaliativas\\Atividade 6 - Sistema Notas + Testes\\sistema-de-notas\\src\\features\\users\\repositories\\UsersRepositories.ts","statementMap":{"0":{"start":{"line":1,"column":0},"end":{"line":1,"column":67}},"1":{"start":{"line":2,"column":0},"end":{"line":2,"column":34}},"2":{"start":{"line":3,"column":0},"end":{"line":3,"column":31}},"3":{"start":{"line":4,"column":0},"end":{"line":4,"column":28}},"4":{"start":{"line":6,"column":0},"end":{"line":6,"column":27}},"5":{"start":{"line":7,"column":20},"end":{"line":7,"column":43}},"6":{"start":{"line":11,"column":41},"end":{"line":11,"column":46}},"7":{"start":{"line":13,"column":28},"end":{"line":18,"column":16}},"8":{"start":{"line":20,"column":8},"end":{"line":20,"column":53}},"9":{"start":{"line":24,"column":21},"end":{"line":24,"column":45}},"10":{"start":{"line":26,"column":8},"end":{"line":28,"column":null}},"11":{"start":{"line":27,"column":12},"end":{"line":27,"column":30}},"12":{"start":{"line":30,"column":8},"end":{"line":30,"column":20}},"13":{"start":{"line":34,"column":41},"end":{"line":34,"column":46}},"14":{"start":{"line":36,"column":28},"end":{"line":36,"column":52}},"15":{"start":{"line":38,"column":8},"end":{"line":40,"column":null}},"16":{"start":{"line":39,"column":12},"end":{"line":39,"column":24}},"17":{"start":{"line":42,"column":8},"end":{"line":42,"column":32}},"18":{"start":{"line":43,"column":8},"end":{"line":43,"column":38}},"19":{"start":{"line":44,"column":8},"end":{"line":44,"column":54}},"20":{"start":{"line":45,"column":8},"end":{"line":45,"column":27}},"21":{"start":{"line":47,"column":8},"end":{"line":51,"column":10}},"22":{"start":{"line":56,"column":28},"end":{"line":56,"column":50}},"23":{"start":{"line":58,"column":8},"end":{"line":60,"column":null}},"24":{"start":{"line":59,"column":12},"end":{"line":59,"column":25}},"25":{"start":{"line":62,"column":8},"end":{"line":62,"column":20}},"26":{"start":{"line":66,"column":24},"end":{"line":70,"column":10}},"27":{"start":{"line":72,"column":8},"end":{"line":82,"column":null}},"28":{"start":{"line":73,"column":12},"end":{"line":73,"column":24}},"29":{"start":{"line":75,"column":32},"end":{"line":77,"column":null}},"30":{"start":{"line":79,"column":12},"end":{"line":81,"column":null}},"31":{"start":{"line":80,"column":16},"end":{"line":80,"column":51}},"32":{"start":{"line":84,"column":22},"end":{"line":89,"column":null}},"33":{"start":{"line":92,"column":23},"end":{"line":97,"column":10}},"34":{"start":{"line":99,"column":8},"end":{"line":99,"column":22}},"35":{"start":{"line":9,"column":0},"end":{"line":9,"column":21}}},"fnMap":{"0":{"name":"(anonymous_1)","decl":{"start":{"line":10,"column":4},"end":{"line":10,"column":9}},"loc":{"start":{"line":10,"column":29},"end":{"line":21,"column":5}}},"1":{"name":"(anonymous_2)","decl":{"start":{"line":23,"column":4},"end":{"line":23,"column":9}},"loc":{"start":{"line":23,"column":28},"end":{"line":31,"column":5}}},"2":{"name":"(anonymous_3)","decl":{"start":{"line":33,"column":4},"end":{"line":33,"column":9}},"loc":{"start":{"line":33,"column":42},"end":{"line":52,"column":5}}},"3":{"name":"(anonymous_4)","decl":{"start":{"line":55,"column":4},"end":{"line":55,"column":9}},"loc":{"start":{"line":55,"column":28},"end":{"line":63,"column":5}}},"4":{"name":"(anonymous_5)","decl":{"start":{"line":65,"column":4},"end":{"line":65,"column":9}},"loc":{"start":{"line":65,"column":28},"end":{"line":100,"column":5}}}},"branchMap":{"0":{"loc":{"start":{"line":26,"column":8},"end":{"line":28,"column":null}},"type":"if","locations":[{"start":{"line":26,"column":8},"end":{"line":28,"column":null}},{"start":{"line":26,"column":8},"end":{"line":28,"column":null}}]},"1":{"loc":{"start":{"line":38,"column":8},"end":{"line":40,"column":null}},"type":"if","locations":[{"start":{"line":38,"column":8},"end":{"line":40,"column":null}},{"start":{"line":38,"column":8},"end":{"line":40,"column":null}}]},"2":{"loc":{"start":{"line":58,"column":8},"end":{"line":60,"column":null}},"type":"if","locations":[{"start":{"line":58,"column":8},"end":{"line":60,"column":null}},{"start":{"line":58,"column":8},"end":{"line":60,"column":null}}]},"3":{"loc":{"start":{"line":72,"column":8},"end":{"line":82,"column":null}},"type":"if","locations":[{"start":{"line":72,"column":8},"end":{"line":82,"column":null}},{"start":{"line":72,"column":8},"end":{"line":82,"column":null}}]},"4":{"loc":{"start":{"line":79,"column":12},"end":{"line":81,"column":null}},"type":"if","locations":[{"start":{"line":79,"column":12},"end":{"line":81,"column":null}},{"start":{"line":79,"column":12},"end":{"line":81,"column":null}}]}},"s":{"0":2,"1":2,"2":2,"3":2,"4":2,"5":2,"6":0,"7":0,"8":0,"9":0,"10":0,"11":0,"12":0,"13":0,"14":0,"15":0,"16":0,"17":0,"18":0,"19":0,"20":0,"21":0,"22":0,"23":0,"24":0,"25":0,"26":0,"27":0,"28":0,"29":0,"30":0,"31":0,"32":0,"33":0,"34":0,"35":2},"f":{"0":0,"1":0,"2":0,"3":0,"4":0},"b":{"0":[0,0],"1":[0,0],"2":[0,0],"3":[0,0],"4":[0,0]}}
,"D:\\GrowDev\\Atividades Avaliativas\\Atividade 6 - Sistema Notas + Testes\\sistema-de-notas\\src\\features\\users\\routers\\UsersRoutes.ts": {"path":"D:\\GrowDev\\Atividades Avaliativas\\Atividade 6 - Sistema Notas + Testes\\sistema-de-notas\\src\\features\\users\\routers\\UsersRoutes.ts","statementMap":{"0":{"start":{"line":1,"column":0},"end":{"line":1,"column":75}},"1":{"start":{"line":2,"column":0},"end":{"line":2,"column":72}},"2":{"start":{"line":3,"column":0},"end":{"line":3,"column":65}},"3":{"start":{"line":4,"column":0},"end":{"line":4,"column":64}},"4":{"start":{"line":5,"column":0},"end":{"line":5,"column":61}},"5":{"start":{"line":6,"column":0},"end":{"line":6,"column":55}},"6":{"start":{"line":8,"column":0},"end":{"line":8,"column":50}},"7":{"start":{"line":11,"column":20},"end":{"line":14,"column":1}},"8":{"start":{"line":12,"column":17},"end":{"line":12,"column":38}},"9":{"start":{"line":13,"column":4},"end":{"line":13,"column":37}},"10":{"start":{"line":18,"column":8},"end":{"line":22,"column":10}},"11":{"start":{"line":23,"column":8},"end":{"line":27,"column":10}},"12":{"start":{"line":28,"column":8},"end":{"line":34,"column":10}},"13":{"start":{"line":35,"column":8},"end":{"line":42,"column":10}},"14":{"start":{"line":43,"column":8},"end":{"line":49,"column":10}},"15":{"start":{"line":16,"column":0},"end":{"line":16,"column":21}}},"fnMap":{"0":{"name":"(anonymous_1)","decl":{"start":{"line":11,"column":20},"end":{"line":11,"column":38}},"loc":{"start":{"line":11,"column":40},"end":{"line":14,"column":1}}},"1":{"name":"(anonymous_2)","decl":{"start":{"line":17,"column":11},"end":{"line":17,"column":15}},"loc":{"start":{"line":17,"column":30},"end":{"line":50,"column":5}}}},"branchMap":{},"s":{"0":1,"1":1,"2":1,"3":1,"4":1,"5":1,"6":1,"7":1,"8":0,"9":0,"10":0,"11":0,"12":0,"13":0,"14":0,"15":1},"f":{"0":0,"1":0},"b":{}}
}
