TN:
SF:src\core\index.ts
FNF:0
FNH:0
DA:1,3
DA:2,3
DA:3,3
DA:4,3
DA:5,3
DA:6,3
LF:6
LH:6
BRF:0
BRH:0
end_of_record
TN:
SF:src\core\adapters\express-middleware.adapter.ts
FN:4,(anonymous_0)
FN:5,(anonymous_1)
FNF:2
FNH:2
FNDA:1,(anonymous_0)
FNDA:3,(anonymous_1)
DA:4,3
DA:5,1
DA:6,3
DA:12,3
DA:16,3
DA:17,1
DA:18,1
DA:20,2
LF:8
LH:8
BRDA:16,0,0,1
BRDA:16,0,1,2
BRF:2
BRH:2
end_of_record
TN:
SF:src\core\adapters\express-route.adapter.ts
FN:6,(anonymous_0)
FN:7,(anonymous_1)
FN:25,(anonymous_2)
FN:26,(anonymous_3)
FNF:4
FNH:2
FNDA:0,(anonymous_0)
FNDA:0,(anonymous_1)
FNDA:6,(anonymous_2)
FNDA:2,(anonymous_3)
DA:4,3
DA:6,3
DA:7,0
DA:8,0
DA:13,0
DA:15,0
DA:16,0
DA:18,0
DA:25,3
DA:26,6
DA:27,2
DA:34,2
DA:36,0
DA:37,0
DA:39,1
DA:40,1
DA:42,1
DA:43,1
DA:45,0
DA:46,0
DA:48,0
DA:49,0
DA:51,0
DA:52,0
DA:54,0
DA:55,0
DA:58,2
DA:59,2
DA:61,0
LF:29
LH:12
BRDA:15,0,0,0
BRDA:15,0,1,0
BRDA:15,1,0,0
BRDA:15,1,1,0
BRDA:35,2,0,0
BRDA:35,2,1,1
BRDA:35,2,2,1
BRDA:35,2,3,0
BRDA:35,2,4,0
BRDA:35,2,5,0
BRDA:35,2,6,0
BRDA:58,3,0,2
BRDA:58,3,1,0
BRDA:58,4,0,2
BRDA:58,4,1,2
BRF:15
BRH:5
end_of_record
TN:
SF:src\core\adapters\index.ts
FNF:0
FNH:0
DA:1,3
DA:2,3
LF:2
LH:2
BRF:0
BRH:0
end_of_record
TN:
SF:src\core\contracts\index.ts
FNF:0
FNH:0
DA:1,3
LF:1
LH:1
BRF:0
BRH:0
end_of_record
TN:
SF:src\core\data\connections\Database.ts
FN:6,(anonymous_0)
FN:17,(anonymous_1)
FN:28,(anonymous_2)
FNF:3
FNH:2
FNDA:0,(anonymous_0)
FNDA:1,(anonymous_1)
FNDA:1,(anonymous_2)
DA:1,1
DA:3,1
DA:7,0
DA:8,0
DA:9,0
DA:11,0
DA:12,0
DA:18,1
DA:19,1
DA:20,1
DA:21,1
DA:23,0
LF:12
LH:6
BRDA:7,0,0,0
BRDA:7,0,1,0
BRDA:7,1,0,0
BRDA:7,1,1,0
BRDA:18,2,0,1
BRDA:18,2,1,0
BRDA:18,3,0,1
BRDA:18,3,1,1
BRF:8
BRH:3
end_of_record
TN:
SF:src\core\data\connections\Redis.ts
FN:7,(anonymous_3)
FN:19,(anonymous_4)
FNF:2
FNH:2
FNDA:6,(anonymous_3)
FNDA:1,(anonymous_4)
DA:1,1
DA:2,1
DA:4,1
DA:5,1
DA:8,6
DA:9,1
DA:10,1
DA:11,1
DA:13,0
DA:16,6
DA:20,1
DA:21,1
LF:12
LH:11
BRDA:8,0,0,1
BRDA:8,0,1,5
BRDA:20,1,0,1
BRDA:20,1,1,0
BRF:4
BRH:3
end_of_record
TN:
SF:src\core\data\database\entities\Notes.ts
FN:38,(anonymous_2)
FN:56,(anonymous_3)
FN:63,(anonymous_4)
FN:34,(anonymous_5)
FN:34,(anonymous_6)
FNF:5
FNH:4
FNDA:4,(anonymous_2)
FNDA:3,(anonymous_3)
FNDA:0,(anonymous_4)
FNDA:1,(anonymous_5)
FNDA:1,(anonymous_6)
DA:1,2
DA:11,2
DA:12,2
DA:15,2
DA:17,2
DA:20,2
DA:23,2
DA:26,2
DA:29,2
DA:32,2
DA:34,1
DA:36,2
DA:46,4
DA:47,4
DA:48,4
DA:49,4
DA:50,4
DA:51,4
DA:52,4
DA:56,2
DA:57,3
DA:58,3
DA:59,3
DA:63,2
DA:64,0
LF:25
LH:24
BRDA:57,0,0,1
BRDA:57,0,1,2
BRDA:58,1,0,0
BRDA:58,1,1,3
BRDA:59,2,0,0
BRDA:59,2,1,3
BRF:6
BRH:4
end_of_record
TN:
SF:src\core\data\database\entities\Users.ts
FN:36,(anonymous_2)
FN:54,(anonymous_3)
FN:61,(anonymous_4)
FN:33,(anonymous_5)
FN:33,(anonymous_6)
FNF:5
FNH:4
FNDA:5,(anonymous_2)
FNDA:4,(anonymous_3)
FNDA:0,(anonymous_4)
FNDA:1,(anonymous_5)
FNDA:1,(anonymous_6)
DA:1,2
DA:10,2
DA:11,2
DA:14,2
DA:16,2
DA:19,2
DA:22,2
DA:25,2
DA:28,2
DA:31,2
DA:33,1
DA:34,2
DA:44,5
DA:45,5
DA:46,5
DA:47,5
DA:48,5
DA:49,5
DA:50,5
DA:54,2
DA:55,4
DA:56,4
DA:57,4
DA:61,2
DA:62,0
LF:25
LH:24
BRDA:55,0,0,0
BRDA:55,0,1,4
BRDA:56,1,0,0
BRDA:56,1,1,4
BRDA:57,2,0,0
BRDA:57,2,1,4
BRF:6
BRH:3
end_of_record
TN:
SF:src\core\data\database\entities\index.ts
FNF:0
FNH:0
DA:1,1
DA:2,1
LF:2
LH:2
BRF:0
BRH:0
end_of_record
TN:
SF:src\core\data\database\migrations\1625008752930-CreateTableUsers.ts
FN:4,(anonymous_0)
FN:48,(anonymous_1)
FNF:2
FNH:0
FNDA:0,(anonymous_0)
FNDA:0,(anonymous_1)
DA:1,1
DA:3,1
DA:5,0
DA:49,0
LF:4
LH:2
BRF:0
BRH:0
end_of_record
TN:
SF:src\core\data\database\migrations\1625009317656-CreateTableNotes.ts
FN:9,(anonymous_0)
FN:59,(anonymous_1)
FNF:2
FNH:0
FNDA:0,(anonymous_0)
FNDA:0,(anonymous_1)
DA:1,1
DA:8,1
DA:10,0
DA:60,0
LF:4
LH:2
BRF:0
BRH:0
end_of_record
TN:
SF:src\core\data\repositories\cache.repository.ts
FN:7,(anonymous_0)
FN:11,(anonymous_1)
FN:15,(anonymous_2)
FN:19,(anonymous_3)
FN:23,(anonymous_4)
FN:29,(anonymous_5)
FNF:6
FNH:5
FNDA:6,(anonymous_0)
FNDA:6,(anonymous_1)
FNDA:1,(anonymous_2)
FNDA:0,(anonymous_3)
FNDA:1,(anonymous_4)
FNDA:1,(anonymous_5)
DA:2,1
DA:4,1
DA:8,6
DA:12,6
DA:16,1
DA:20,0
DA:24,1
DA:26,1
DA:30,1
DA:32,1
LF:10
LH:9
BRDA:26,0,0,0
BRDA:26,0,1,1
BRF:2
BRH:1
end_of_record
TN:
SF:src\core\data\repositories\index.ts
FNF:0
FNH:0
DA:1,1
DA:2,1
DA:3,1
LF:3
LH:3
BRF:0
BRH:0
end_of_record
TN:
SF:src\core\data\repositories\note.repository.ts
FN:4,(anonymous_0)
FNF:1
FNH:0
FNDA:0,(anonymous_0)
DA:1,1
DA:3,1
DA:5,0
DA:7,0
DA:8,0
DA:11,0
LF:6
LH:2
BRDA:7,0,0,0
BRDA:7,0,1,0
BRF:2
BRH:0
end_of_record
TN:
SF:src\core\data\repositories\user.repository.ts
FN:4,(anonymous_0)
FNF:1
FNH:0
FNDA:0,(anonymous_0)
DA:1,1
DA:3,1
DA:5,0
DA:7,0
DA:8,0
DA:11,0
LF:6
LH:2
BRDA:7,0,0,0
BRDA:7,0,1,0
BRF:2
BRH:0
end_of_record
TN:
SF:src\core\enums\index.ts
FNF:0
FNH:0
DA:1,3
LF:1
LH:1
BRF:0
BRH:0
end_of_record
TN:
SF:src\core\enums\mvc.enum.ts
FN:1,(anonymous_0)
FNF:1
FNH:1
FNDA:3,(anonymous_0)
DA:1,3
DA:2,3
DA:3,3
DA:4,3
DA:5,3
DA:6,3
DA:7,3
DA:8,3
LF:8
LH:8
BRDA:1,0,0,3
BRDA:1,0,1,3
BRF:2
BRH:2
end_of_record
TN:
SF:src\core\errors\data-not-found-error.ts
FN:2,(anonymous_0)
FNF:1
FNH:0
FNDA:0,(anonymous_0)
DA:1,3
DA:3,0
DA:4,0
LF:3
LH:1
BRF:0
BRH:0
end_of_record
TN:
SF:src\core\errors\index.ts
FNF:0
FNH:0
DA:1,3
DA:2,3
DA:3,3
DA:4,3
DA:5,3
LF:5
LH:5
BRF:0
BRH:0
end_of_record
TN:
SF:src\core\errors\invalid-param-error.ts
FN:2,(anonymous_0)
FNF:1
FNH:1
FNDA:2,(anonymous_0)
DA:1,3
DA:3,2
DA:4,2
LF:3
LH:3
BRF:0
BRH:0
end_of_record
TN:
SF:src\core\errors\missing-param-error.ts
FN:2,(anonymous_0)
FNF:1
FNH:0
FNDA:0,(anonymous_0)
DA:1,3
DA:3,0
DA:4,0
LF:3
LH:1
BRF:0
BRH:0
end_of_record
TN:
SF:src\core\errors\server-error.ts
FN:2,(anonymous_0)
FNF:1
FNH:0
FNDA:0,(anonymous_0)
DA:1,3
DA:3,0
DA:4,0
LF:3
LH:1
BRF:0
BRH:0
end_of_record
TN:
SF:src\core\errors\unauthorized-error.ts
FN:2,(anonymous_0)
FNF:1
FNH:0
FNDA:0,(anonymous_0)
DA:1,3
DA:3,0
DA:4,0
LF:3
LH:1
BRF:0
BRH:0
end_of_record
TN:
SF:src\core\helpers\http.helper.ts
FN:4,(anonymous_0)
FN:9,(anonymous_1)
FN:14,(anonymous_2)
FN:19,(anonymous_3)
FN:24,(anonymous_4)
FNF:5
FNH:2
FNDA:3,(anonymous_0)
FNDA:2,(anonymous_1)
FNDA:0,(anonymous_2)
FNDA:0,(anonymous_3)
FNDA:0,(anonymous_4)
DA:2,3
DA:4,3
DA:9,3
DA:14,3
DA:19,3
DA:24,3
LF:6
LH:6
BRF:0
BRH:0
end_of_record
TN:
SF:src\core\helpers\index.ts
FNF:0
FNH:0
DA:1,3
LF:1
LH:1
BRF:0
BRH:0
end_of_record
TN:
SF:src\core\models\index.ts
FNF:0
FNH:0
DA:1,3
LF:1
LH:1
BRF:0
BRH:0
end_of_record
TN:
SF:src\core\presentation\App.ts
FN:9,(anonymous_9)
FN:13,(anonymous_10)
FN:17,(anonymous_11)
FN:23,(anonymous_12)
FN:29,(anonymous_13)
FN:31,(anonymous_14)
FN:34,(anonymous_15)
FN:39,(anonymous_16)
FN:48,(anonymous_17)
FN:49,(anonymous_18)
FNF:10
FNH:2
FNDA:1,(anonymous_9)
FNDA:1,(anonymous_10)
FNDA:0,(anonymous_11)
FNDA:0,(anonymous_12)
FNDA:0,(anonymous_13)
FNDA:0,(anonymous_14)
FNDA:0,(anonymous_15)
FNDA:0,(anonymous_16)
FNDA:0,(anonymous_17)
FNDA:0,(anonymous_18)
DA:1,1
DA:2,1
DA:3,1
DA:4,1
DA:6,1
DA:7,1
DA:10,1
DA:14,1
DA:18,0
DA:19,0
DA:20,0
DA:24,0
DA:25,0
DA:26,0
DA:32,0
DA:34,0
DA:35,0
DA:37,0
DA:39,0
DA:40,0
DA:43,0
DA:44,0
DA:49,0
DA:50,0
LF:24
LH:8
BRF:0
BRH:0
end_of_record
TN:
SF:src\features\notes\controllers\NotesController.ts
FN:10,(anonymous_2)
FN:15,(anonymous_3)
FN:37,(anonymous_4)
FN:57,(anonymous_5)
FN:70,(anonymous_6)
FN:88,(anonymous_7)
FN:104,(anonymous_8)
FN:121,(anonymous_9)
FNF:8
FNH:3
FNDA:6,(anonymous_2)
FNDA:0,(anonymous_3)
FNDA:1,(anonymous_4)
FNDA:1,(anonymous_5)
FNDA:0,(anonymous_6)
FNDA:0,(anonymous_7)
FNDA:0,(anonymous_8)
FNDA:0,(anonymous_9)
DA:1,1
DA:6,1
DA:7,6
DA:8,6
DA:11,6
DA:12,6
DA:16,0
DA:17,0
DA:19,0
DA:20,0
DA:23,0
DA:25,0
DA:26,0
DA:29,0
DA:31,0
DA:33,0
DA:38,1
DA:39,1
DA:41,1
DA:42,0
DA:45,1
DA:47,1
DA:48,0
DA:51,1
DA:53,0
DA:58,1
DA:59,1
DA:61,1
DA:62,1
DA:64,1
DA:66,0
DA:71,0
DA:72,0
DA:73,0
DA:75,0
DA:76,0
DA:79,0
DA:80,0
DA:82,0
DA:84,0
DA:89,0
DA:90,0
DA:92,0
DA:94,0
DA:95,0
DA:98,0
DA:100,0
DA:105,0
DA:106,0
DA:107,0
DA:109,0
DA:111,0
DA:112,0
DA:115,0
DA:117,0
DA:122,0
LF:56
LH:17
BRDA:19,0,0,0
BRDA:19,0,1,0
BRDA:25,1,0,0
BRDA:25,1,1,0
BRDA:41,2,0,0
BRDA:41,2,1,1
BRDA:47,3,0,0
BRDA:47,3,1,1
BRDA:75,4,0,0
BRDA:75,4,1,0
BRDA:94,5,0,0
BRDA:94,5,1,0
BRDA:111,6,0,0
BRDA:111,6,1,0
BRF:14
BRH:2
end_of_record
TN:
SF:src\features\notes\middlewares\NoteInput.ts
FN:5,(anonymous_0)
FNF:1
FNH:1
FNDA:3,(anonymous_0)
DA:1,1
DA:4,1
DA:6,3
DA:7,3
DA:9,3
DA:17,2
DA:19,1
LF:7
LH:7
BRDA:9,0,0,2
BRDA:9,0,1,1
BRDA:10,1,0,3
BRDA:10,1,1,3
BRDA:10,1,2,3
BRDA:10,1,3,1
BRDA:10,1,4,1
BRDA:10,1,5,1
BRF:8
BRH:8
end_of_record
TN:
SF:src\features\notes\repositories\NotesRepositories.ts
FN:5,(anonymous_0)
FN:17,(anonymous_1)
FN:27,(anonymous_2)
FN:36,(anonymous_3)
FN:56,(anonymous_4)
FN:66,(anonymous_5)
FNF:6
FNH:1
FNDA:1,(anonymous_0)
FNDA:0,(anonymous_1)
FNDA:0,(anonymous_2)
FNDA:0,(anonymous_3)
FNDA:0,(anonymous_4)
FNDA:0,(anonymous_5)
DA:1,1
DA:2,1
DA:4,1
DA:6,1
DA:7,1
DA:14,1
DA:18,0
DA:20,0
DA:21,0
DA:24,0
DA:28,0
DA:30,0
DA:31,0
DA:33,0
DA:37,0
DA:39,0
DA:40,0
DA:43,0
DA:44,0
DA:45,0
DA:47,0
DA:57,0
DA:59,0
DA:60,0
DA:63,0
DA:67,0
DA:69,0
DA:70,0
DA:73,0
DA:74,0
DA:77,0
LF:31
LH:6
BRDA:20,0,0,0
BRDA:20,0,1,0
BRDA:30,1,0,0
BRDA:30,1,1,0
BRDA:39,2,0,0
BRDA:39,2,1,0
BRDA:59,3,0,0
BRDA:59,3,1,0
BRDA:69,4,0,0
BRDA:69,4,1,0
BRF:10
BRH:0
end_of_record
TN:
SF:src\features\notes\routers\NotesRoutes.ts
FN:11,(anonymous_1)
FN:19,(anonymous_2)
FNF:2
FNH:2
FNDA:6,(anonymous_1)
FNDA:1,(anonymous_2)
DA:1,1
DA:3,1
DA:4,1
DA:5,1
DA:7,1
DA:8,1
DA:11,1
DA:12,6
DA:13,6
DA:15,6
DA:18,1
DA:20,1
DA:27,1
DA:34,1
DA:42,1
DA:50,1
DA:57,1
LF:17
LH:17
BRF:0
BRH:0
end_of_record
TN:
SF:src\features\users\controllers\UsersController.ts
FN:14,(anonymous_2)
FN:18,(anonymous_3)
FN:28,(anonymous_4)
FN:42,(anonymous_5)
FN:52,(anonymous_6)
FN:64,(anonymous_7)
FN:78,(anonymous_8)
FNF:7
FNH:0
FNDA:0,(anonymous_2)
FNDA:0,(anonymous_3)
FNDA:0,(anonymous_4)
FNDA:0,(anonymous_5)
FNDA:0,(anonymous_6)
FNDA:0,(anonymous_7)
FNDA:0,(anonymous_8)
DA:1,2
DA:11,2
DA:12,0
DA:15,0
DA:19,0
DA:20,0
DA:22,0
DA:24,0
DA:29,0
DA:30,0
DA:32,0
DA:33,0
DA:36,0
DA:38,0
DA:43,0
DA:44,0
DA:46,0
DA:48,0
DA:53,0
DA:54,0
DA:56,0
DA:60,0
DA:65,0
DA:66,0
DA:68,0
DA:69,0
DA:72,0
DA:74,0
DA:79,0
LF:29
LH:2
BRDA:32,0,0,0
BRDA:32,0,1,0
BRDA:68,1,0,0
BRDA:68,1,1,0
BRF:4
BRH:0
end_of_record
TN:
SF:src\features\users\middlewares\LoginInput.ts
FN:5,(anonymous_0)
FNF:1
FNH:0
FNDA:0,(anonymous_0)
DA:1,1
DA:4,1
DA:6,0
DA:7,0
DA:9,0
DA:10,0
DA:12,0
LF:7
LH:2
BRDA:9,0,0,0
BRDA:9,0,1,0
BRDA:9,1,0,0
BRDA:9,1,1,0
BRDA:9,1,2,0
BRDA:9,1,3,0
BRF:6
BRH:0
end_of_record
TN:
SF:src\features\users\middlewares\UserInput.ts
FN:5,(anonymous_0)
FNF:1
FNH:0
FNDA:0,(anonymous_0)
DA:1,1
DA:4,1
DA:6,0
DA:7,0
DA:9,0
DA:17,0
DA:19,0
LF:7
LH:2
BRDA:9,0,0,0
BRDA:9,0,1,0
BRDA:10,1,0,0
BRDA:10,1,1,0
BRDA:10,1,2,0
BRDA:10,1,3,0
BRDA:10,1,4,0
BRDA:10,1,5,0
BRF:8
BRH:0
end_of_record
TN:
SF:src\features\users\middlewares\UsersLoginMiddleware.ts
FN:14,(anonymous_1)
FNF:1
FNH:0
FNDA:0,(anonymous_1)
DA:1,1
DA:2,1
DA:4,1
DA:5,1
DA:13,1
DA:15,0
DA:17,0
DA:18,0
DA:21,0
DA:23,0
DA:24,0
DA:26,0
DA:28,0
DA:30,0
DA:32,0
LF:15
LH:5
BRDA:17,0,0,0
BRDA:17,0,1,0
BRF:2
BRH:0
end_of_record
TN:
SF:src\features\users\repositories\UsersRepositories.ts
FN:10,(anonymous_1)
FN:23,(anonymous_2)
FN:33,(anonymous_3)
FN:55,(anonymous_4)
FN:65,(anonymous_5)
FNF:5
FNH:0
FNDA:0,(anonymous_1)
FNDA:0,(anonymous_2)
FNDA:0,(anonymous_3)
FNDA:0,(anonymous_4)
FNDA:0,(anonymous_5)
DA:1,2
DA:2,2
DA:3,2
DA:4,2
DA:6,2
DA:7,2
DA:9,2
DA:11,0
DA:13,0
DA:20,0
DA:24,0
DA:26,0
DA:27,0
DA:30,0
DA:34,0
DA:36,0
DA:38,0
DA:39,0
DA:42,0
DA:43,0
DA:44,0
DA:45,0
DA:47,0
DA:56,0
DA:58,0
DA:59,0
DA:62,0
DA:66,0
DA:72,0
DA:73,0
DA:75,0
DA:79,0
DA:80,0
DA:84,0
DA:92,0
DA:99,0
LF:36
LH:7
BRDA:26,0,0,0
BRDA:26,0,1,0
BRDA:38,1,0,0
BRDA:38,1,1,0
BRDA:58,2,0,0
BRDA:58,2,1,0
BRDA:72,3,0,0
BRDA:72,3,1,0
BRDA:79,4,0,0
BRDA:79,4,1,0
BRF:10
BRH:0
end_of_record
TN:
SF:src\features\users\routers\UsersRoutes.ts
FN:11,(anonymous_1)
FN:17,(anonymous_2)
FNF:2
FNH:0
FNDA:0,(anonymous_1)
FNDA:0,(anonymous_2)
DA:1,1
DA:2,1
DA:3,1
DA:4,1
DA:5,1
DA:6,1
DA:8,1
DA:11,1
DA:12,0
DA:13,0
DA:16,1
DA:18,0
DA:23,0
DA:28,0
DA:35,0
DA:43,0
LF:16
LH:9
BRF:0
BRH:0
end_of_record
